#
# There is insufficient memory for the Java Runtime Environment to continue.
# Native memory allocation (mmap) failed to map 437256192 bytes for committing reserved memory.
# Possible reasons:
#   The system is out of physical RAM or swap space
#   The process is running with CompressedOops enabled, and the Java Heap may be blocking the growth of the native heap
# Possible solutions:
#   Reduce memory load on the system
#   Increase physical memory or swap space
#   Check if swap backing store is full
#   Decrease Java heap size (-Xmx/-Xms)
#   Decrease number of Java threads
#   Decrease Java thread stack sizes (-Xss)
#   Set larger code cache with -XX:ReservedCodeCacheSize=
#   JVM is running with Zero Based Compressed Oops mode in which the Java heap is
#     placed in the first 32GB address space. The Java Heap base address is the
#     maximum limit for the native heap growth. Please use -XX:HeapBaseMinAddress
#     to set the Java Heap base and to place the Java Heap above 32GB virtual address.
# This output file may be truncated or incomplete.
#
#  Out of Memory Error (os_linux.cpp:2749), pid=4436, tid=0x00007f3719de2700
#
# JRE version: Java(TM) SE Runtime Environment (8.0_212-b10) (build 1.8.0_212-b10)
# Java VM: Java HotSpot(TM) 64-Bit Server VM (25.212-b10 mixed mode linux-amd64 compressed oops)
# Failed to write core dump. Core dumps have been disabled. To enable core dumping, try "ulimit -c unlimited" before starting Java again
#

---------------  T H R E A D  ---------------

Current thread (0x00007f373c1c7000):  VMThread [stack: 0x00007f3719ce3000,0x00007f3719de3000] [id=4512]

Stack: [0x00007f3719ce3000,0x00007f3719de3000],  sp=0x00007f3719de1410,  free space=1017k
Native frames: (J=compiled Java code, j=interpreted, Vv=VM code, C=native code)
V  [libjvm.so+0xad3455]  VMError::report_and_die()+0x2e5
V  [libjvm.so+0x4e0537]  report_vm_out_of_memory(char const*, int, unsigned long, VMErrorType, char const*)+0x67
V  [libjvm.so+0x910320]  os::pd_commit_memory(char*, unsigned long, unsigned long, bool)+0x100
V  [libjvm.so+0x90794f]  os::commit_memory(char*, unsigned long, unsigned long, bool)+0x1f
V  [libjvm.so+0x98c736]  PSVirtualSpace::expand_by(unsigned long)+0x56
V  [libjvm.so+0x98d9c8]  PSYoungGen::resize(unsigned long, unsigned long)+0xd8
V  [libjvm.so+0x98a166]  PSScavenge::invoke_no_policy()+0x1376
V  [libjvm.so+0x98a4fc]  PSScavenge::invoke()+0x4c
V  [libjvm.so+0x93a248]  ParallelScavengeHeap::failed_mem_allocate(unsigned long)+0x68
V  [libjvm.so+0xad4fa3]  VM_ParallelGCFailedAllocation::doit()+0x93
V  [libjvm.so+0xada1c6]  VM_Operation::evaluate()+0x46
V  [libjvm.so+0xad84fd]  VMThread::evaluate_operation(VM_Operation*) [clone .constprop.44]+0xcd
V  [libjvm.so+0xad8ae3]  VMThread::loop()+0x3a3
V  [libjvm.so+0xad8eb8]  VMThread::run()+0x78
V  [libjvm.so+0x90d952]  java_start(Thread*)+0x102

VM_Operation (0x00007f36c93dbd60): ParallelGCFailedAllocation, mode: safepoint, requested by thread 0x00007f369c020000


---------------  P R O C E S S  ---------------

Java Threads: ( => current thread )
  0x00007f368c032800 JavaThread "pool-14-thread-10" [_thread_blocked, id=9229, stack(0x00007f361a2e3000,0x00007f361a3e4000)]
  0x00007f368c030800 JavaThread "pool-14-thread-9" [_thread_blocked, id=9220, stack(0x00007f361a3e4000,0x00007f361a4e5000)]
  0x00007f368c016800 JavaThread "pool-14-thread-8" [_thread_blocked, id=9219, stack(0x00007f361a4e5000,0x00007f361a5e6000)]
  0x00007f368c02d000 JavaThread "pool-14-thread-7" [_thread_blocked, id=9214, stack(0x00007f361a5e6000,0x00007f361a6e7000)]
  0x00007f368c02b000 JavaThread "pool-14-thread-6" [_thread_blocked, id=9203, stack(0x00007f361a6e7000,0x00007f361a7e8000)]
  0x00007f368c029800 JavaThread "pool-14-thread-5" [_thread_blocked, id=9189, stack(0x00007f361a7e8000,0x00007f361a8e9000)]
  0x00007f368c01e000 JavaThread "pool-14-thread-4" [_thread_blocked, id=9167, stack(0x00007f361a8e9000,0x00007f361a9ea000)]
  0x00007f368c014800 JavaThread "pool-14-thread-3" [_thread_blocked, id=9133, stack(0x00007f361a9ea000,0x00007f361aaeb000)]
  0x00007f368c009800 JavaThread "pool-14-thread-2" [_thread_blocked, id=9132, stack(0x00007f361aaeb000,0x00007f361abec000)]
  0x00007f368c018000 JavaThread "pool-14-thread-1" [_thread_blocked, id=9129, stack(0x00007f361abec000,0x00007f361aced000)]
  0x00007f368c00d000 JavaThread "Connect thread 194.150.235.125 session" [_thread_in_native, id=9111, stack(0x00007f361aced000,0x00007f361adee000)]
  0x00007f369001c000 JavaThread "pool-13-thread-10" [_thread_blocked, id=9037, stack(0x00007f361adee000,0x00007f361aeef000)]
  0x00007f369001a800 JavaThread "pool-13-thread-9" [_thread_blocked, id=9036, stack(0x00007f361b2f3000,0x00007f361b3f4000)]
  0x00007f3690019000 JavaThread "pool-13-thread-8" [_thread_blocked, id=9035, stack(0x00007f361b8f9000,0x00007f361b9fa000)]
  0x00007f3690017800 JavaThread "pool-13-thread-7" [_thread_blocked, id=9033, stack(0x00007f361beff000,0x00007f361c000000)]
  0x00007f3690016800 JavaThread "pool-13-thread-6" [_thread_blocked, id=9032, stack(0x00007f36c89d4000,0x00007f36c8ad5000)]
  0x00007f3690015800 JavaThread "pool-13-thread-5" [_thread_blocked, id=9031, stack(0x00007f36c8ad5000,0x00007f36c8bd6000)]
  0x00007f3690014800 JavaThread "pool-13-thread-4" [_thread_blocked, id=9030, stack(0x00007f36c94df000,0x00007f36c95e0000)]
  0x00007f3690014000 JavaThread "pool-13-thread-3" [_thread_blocked, id=9029, stack(0x00007f36c96e1000,0x00007f36c97e2000)]
  0x00007f3690012000 JavaThread "pool-13-thread-2" [_thread_blocked, id=9027, stack(0x00007f36c99e4000,0x00007f36c9ae5000)]
  0x00007f369000e000 JavaThread "pool-13-thread-1" [_thread_blocked, id=9026, stack(0x00007f36c93de000,0x00007f36c94df000)]
  0x00007f3690003000 JavaThread "Connect thread 194.150.215.55 session" [_thread_in_native, id=9025, stack(0x00007f36c9ce7000,0x00007f36c9de8000)]
  0x00007f36a0011800 JavaThread "pool-10-thread-10" [_thread_blocked, id=8361, stack(0x00007f36c9de8000,0x00007f36c9ee9000)]
  0x00007f36a0010000 JavaThread "pool-10-thread-9" [_thread_blocked, id=8359, stack(0x00007f36c9ee9000,0x00007f36c9fea000)]
  0x00007f36a000f000 JavaThread "pool-10-thread-8" [_thread_blocked, id=8358, stack(0x00007f36c9fea000,0x00007f36ca0eb000)]
  0x00007f36a000d800 JavaThread "pool-10-thread-7" [_thread_blocked, id=8353, stack(0x00007f36ca1ec000,0x00007f36ca2ed000)]
  0x00007f36a000c800 JavaThread "pool-10-thread-6" [_thread_blocked, id=8351, stack(0x00007f36ca3f0000,0x00007f36ca4f1000)]
  0x00007f36a000b000 JavaThread "pool-10-thread-5" [_thread_blocked, id=8349, stack(0x00007f36caff8000,0x00007f36cb0f9000)]
  0x00007f36a000a000 JavaThread "pool-10-thread-4" [_thread_blocked, id=8344, stack(0x00007f36c80cb000,0x00007f36c81cc000)]
  0x00007f36a0009000 JavaThread "pool-10-thread-3" [_thread_blocked, id=8334, stack(0x00007f361aff0000,0x00007f361b0f1000)]
  0x00007f36a0007800 JavaThread "pool-10-thread-2" [_thread_blocked, id=8330, stack(0x00007f36c9ae5000,0x00007f36c9be6000)]
  0x00007f369801a800 JavaThread "pool-12-thread-10" [_thread_blocked, id=8319, stack(0x00007f36c97e2000,0x00007f36c98e3000)]
  0x00007f3698019800 JavaThread "pool-12-thread-9" [_thread_blocked, id=8316, stack(0x00007f36c8bd6000,0x00007f36c8cd7000)]
  0x00007f3698018800 JavaThread "pool-12-thread-8" [_thread_blocked, id=8313, stack(0x00007f361bafb000,0x00007f361bbfc000)]
  0x00007f3698017000 JavaThread "pool-12-thread-7" [_thread_blocked, id=8308, stack(0x00007f361aeef000,0x00007f361aff0000)]
  0x00007f3698016000 JavaThread "pool-12-thread-6" [_thread_blocked, id=8307, stack(0x00007f36c8cd7000,0x00007f36c8dd8000)]
  0x00007f3698014800 JavaThread "pool-12-thread-5" [_thread_blocked, id=8306, stack(0x00007f36c86d1000,0x00007f36c87d2000)]
  0x00007f3698013800 JavaThread "pool-12-thread-4" [_thread_blocked, id=8299, stack(0x00007f361bbfc000,0x00007f361bcfd000)]
  0x00007f3698012800 JavaThread "pool-12-thread-3" [_thread_blocked, id=8295, stack(0x00007f36c85d0000,0x00007f36c86d1000)]
  0x00007f3698011800 JavaThread "pool-12-thread-2" [_thread_blocked, id=8293, stack(0x00007f36c83ce000,0x00007f36c84cf000)]
  0x00007f3698011000 JavaThread "pool-12-thread-1" [_thread_blocked, id=8284, stack(0x00007f36c87d2000,0x00007f36c88d3000)]
  0x00007f3698004000 JavaThread "Connect thread 194.150.215.122 session" [_thread_in_native, id=8268, stack(0x00007f36ca2ed000,0x00007f36ca3ee000)]
  0x00007f36a801a000 JavaThread "pool-11-thread-10" [_thread_blocked, id=8246, stack(0x00007f36ca0eb000,0x00007f36ca1ec000)]
  0x00007f36a8019800 JavaThread "pool-11-thread-9" [_thread_blocked, id=8239, stack(0x00007f36c84cf000,0x00007f36c85d0000)]
  0x00007f36a8008800 JavaThread "pool-11-thread-8" [_thread_blocked, id=8226, stack(0x00007f36c81cc000,0x00007f36c82cd000)]
  0x00007f36a8012000 JavaThread "pool-11-thread-7" [_thread_blocked, id=8219, stack(0x00007f36c82cd000,0x00007f36c83ce000)]
  0x00007f36a8017800 JavaThread "pool-11-thread-6" [_thread_blocked, id=8215, stack(0x00007f361b5f6000,0x00007f361b6f7000)]
  0x00007f36a8015800 JavaThread "pool-11-thread-5" [_thread_blocked, id=8193, stack(0x00007f361bdfe000,0x00007f361beff000)]
  0x00007f36a800e800 JavaThread "pool-11-thread-4" [_thread_blocked, id=8189, stack(0x00007f361b4f5000,0x00007f361b5f6000)]
  0x00007f36a800d000 JavaThread "pool-11-thread-3" [_thread_blocked, id=8178, stack(0x00007f361b3f4000,0x00007f361b4f5000)]
  0x00007f36a800b000 JavaThread "pool-11-thread-2" [_thread_blocked, id=8146, stack(0x00007f361bcfd000,0x00007f361bdfe000)]
  0x00007f36a8014000 JavaThread "pool-11-thread-1" [_thread_blocked, id=8136, stack(0x00007f36c8dd8000,0x00007f36c8ed9000)]
  0x00007f36a8010800 JavaThread "Connect thread 194.150.235.126 session" [_thread_in_native, id=8129, stack(0x00007f361b6f7000,0x00007f361b7f8000)]
  0x00007f36a0006800 JavaThread "pool-10-thread-1" [_thread_blocked, id=8127, stack(0x00007f36c91dc000,0x00007f36c92dd000)]
  0x00007f36a0006000 JavaThread "Connect thread 194.150.215.80 session" [_thread_in_native, id=8126, stack(0x00007f36c8fda000,0x00007f36c90db000)]
  0x00007f369c025800 JavaThread "pool-9-thread-10" [_thread_blocked, id=8123, stack(0x00007f36c90db000,0x00007f36c91dc000)]
  0x00007f369c020000 JavaThread "pool-9-thread-9" [_thread_blocked, id=8122, stack(0x00007f36c92dd000,0x00007f36c93de000)]
  0x00007f369c01f000 JavaThread "pool-9-thread-8" [_thread_blocked, id=8121, stack(0x00007f36c8ed9000,0x00007f36c8fda000)]
  0x00007f369c01d800 JavaThread "pool-9-thread-7" [_thread_blocked, id=8120, stack(0x00007f361b9fa000,0x00007f361bafb000)]
  0x00007f369c01c800 JavaThread "pool-9-thread-6" [_thread_blocked, id=8118, stack(0x00007f36c98e3000,0x00007f36c99e4000)]
  0x00007f369c01b800 JavaThread "pool-9-thread-5" [_thread_blocked, id=8113, stack(0x00007f361b1f2000,0x00007f361b2f3000)]
  0x00007f369c016000 JavaThread "pool-9-thread-4" [_thread_blocked, id=8112, stack(0x00007f36c88d3000,0x00007f36c89d4000)]
  0x00007f369c015000 JavaThread "pool-9-thread-3" [_thread_blocked, id=8111, stack(0x00007f36c9be6000,0x00007f36c9ce7000)]
  0x00007f369c01a000 JavaThread "pool-9-thread-2" [_thread_blocked, id=8109, stack(0x00007f36c95e0000,0x00007f36c96e1000)]
  0x00007f369c019000 JavaThread "pool-9-thread-1" [_thread_blocked, id=8104, stack(0x00007f361b7f8000,0x00007f361b8f9000)]
  0x00007f369c08c000 JavaThread "Connect thread 194.150.215.123 session" [_thread_in_native, id=8099, stack(0x00007f361b0f1000,0x00007f361b1f2000)]
  0x00007f373ca87000 JavaThread "pool-1-thread-7" [_thread_blocked, id=6881, stack(0x00007f36ca6f1000,0x00007f36ca7f2000)]
  0x00007f373ca88000 JavaThread "pool-1-thread-6" [_thread_blocked, id=6861, stack(0x00007f36ca7f2000,0x00007f36ca8f3000)]
  0x00007f373ca84800 JavaThread "pool-1-thread-5" [_thread_blocked, id=6859, stack(0x00007f36ca8f3000,0x00007f36ca9f4000)]
  0x00007f373ca81000 JavaThread "pool-1-thread-3" [_thread_blocked, id=6823, stack(0x00007f36caaf5000,0x00007f36cabf6000)]
  0x00007f373ca7d000 JavaThread "pool-1-thread-2" [_thread_blocked, id=6808, stack(0x00007f36cabf6000,0x00007f36cacf7000)]
  0x00007f373ca7c800 JavaThread "pool-1-thread-1" [_thread_blocked, id=6797, stack(0x00007f36cacf7000,0x00007f36cadf8000)]
  0x00007f373c745000 JavaThread "C3P0PooledConnectionPoolManager[identityToken->he01s0ae1fnbv2s1axoaz7|6a1aab78]-HelperThread-#2" daemon [_thread_blocked, id=5479, stack(0x00007f36cb6f9000,0x00007f36cb7fa000)]
  0x00007f373c6e0800 JavaThread "C3P0PooledConnectionPoolManager[identityToken->he01s0ae1fnbv2s1axoaz7|6a1aab78]-HelperThread-#1" daemon [_thread_blocked, id=5478, stack(0x00007f36cb7fa000,0x00007f36cb8fb000)]
  0x00007f373c6df000 JavaThread "C3P0PooledConnectionPoolManager[identityToken->he01s0ae1fnbv2s1axoaz7|6a1aab78]-HelperThread-#0" daemon [_thread_blocked, id=5471, stack(0x00007f36cb8fb000,0x00007f36cb9fc000)]
  0x00007f373c6dd800 JavaThread "C3P0PooledConnectionPoolManager[identityToken->he01s0ae1fnbv2s1axoaz7|6a1aab78]-AdminTaskTimer" daemon [_thread_blocked, id=5465, stack(0x00007f36cb9fc000,0x00007f36cbafd000)]
  0x00007f373c6c9800 JavaThread "C3P0PooledConnectionPoolManager[identityToken->he01s0ae1fnbv2s1axoaz7|61f8bee4]-HelperThread-#2" daemon [_thread_blocked, id=5349, stack(0x00007f36cbcfd000,0x00007f36cbdfe000)]
  0x00007f373c6c1800 JavaThread "C3P0PooledConnectionPoolManager[identityToken->he01s0ae1fnbv2s1axoaz7|61f8bee4]-HelperThread-#1" daemon [_thread_blocked, id=5346, stack(0x00007f36cbdfe000,0x00007f36cbeff000)]
  0x00007f373c6c0000 JavaThread "C3P0PooledConnectionPoolManager[identityToken->he01s0ae1fnbv2s1axoaz7|61f8bee4]-HelperThread-#0" daemon [_thread_blocked, id=5345, stack(0x00007f36cbeff000,0x00007f36cc000000)]
  0x00007f373c6bf000 JavaThread "C3P0PooledConnectionPoolManager[identityToken->he01s0ae1fnbv2s1axoaz7|61f8bee4]-AdminTaskTimer" daemon [_thread_blocked, id=5332, stack(0x00007f37182a0000,0x00007f37183a1000)]
  0x00007f373c211000 JavaThread "Service Thread" daemon [_thread_blocked, id=4544, stack(0x00007f37194da000,0x00007f37195db000)]
  0x00007f373c20e000 JavaThread "C1 CompilerThread3" daemon [_thread_blocked, id=4543, stack(0x00007f37195dc000,0x00007f37196dc000)]
  0x00007f373c20c000 JavaThread "C2 CompilerThread2" daemon [_thread_in_native, id=4542, stack(0x00007f37196dd000,0x00007f37197dd000)]
  0x00007f373c20a800 JavaThread "C2 CompilerThread1" daemon [_thread_in_native, id=4541, stack(0x00007f37197de000,0x00007f37198de000)]
  0x00007f373c207800 JavaThread "C2 CompilerThread0" daemon [_thread_blocked, id=4540, stack(0x00007f37198df000,0x00007f37199df000)]
  0x00007f373c206000 JavaThread "Signal Dispatcher" daemon [_thread_blocked, id=4538, stack(0x00007f37199df000,0x00007f3719ae0000)]
  0x00007f373c1d3800 JavaThread "Finalizer" daemon [_thread_blocked, id=4525, stack(0x00007f3719ae0000,0x00007f3719be1000)]
  0x00007f373c1d1000 JavaThread "Reference Handler" daemon [_thread_blocked, id=4523, stack(0x00007f3719be1000,0x00007f3719ce2000)]
  0x00007f373c009800 JavaThread "main" [_thread_blocked, id=4447, stack(0x00007f37439c2000,0x00007f3743ac2000)]

Other Threads:
=>0x00007f373c1c7000 VMThread [stack: 0x00007f3719ce3000,0x00007f3719de3000] [id=4512]
  0x00007f373c214000 WatcherThread [stack: 0x00007f37193da000,0x00007f37194da000] [id=4545]

VM state:at safepoint (normal execution)

VM Mutex/Monitor currently owned by a thread:  ([mutex/lock_event])
[0x00007f373c006d30] Threads_lock - owner thread: 0x00007f373c1c7000
[0x00007f373c007230] Heap_lock - owner thread: 0x00007f369c020000

heap address: 0x00000005eb400000, size: 7500 MB, Compressed Oops mode: Zero based, Oop shift amount: 3
Narrow klass base: 0x0000000000000000, Narrow klass shift: 3
Compressed class space size: 1073741824 Address: 0x00000007c0000000

Heap:
 PSYoungGen      total 783872K, used 48624K [0x0000000723c00000, 0x0000000757080000, 0x00000007c0000000)
  eden space 735232K, 0% used [0x0000000723c00000,0x0000000723c00000,0x0000000750a00000)
  from space 48640K, 99% used [0x0000000750a00000,0x000000075397c260,0x0000000753980000)
  to   space 46592K, 0% used [0x0000000753980000,0x0000000753980000,0x0000000756700000)
 ParOldGen       total 225792K, used 94488K [0x00000005eb400000, 0x00000005f9080000, 0x0000000723c00000)
  object space 225792K, 41% used [0x00000005eb400000,0x00000005f1046358,0x00000005f9080000)
 Metaspace       used 23906K, capacity 24410K, committed 24576K, reserved 1071104K
  class space    used 2678K, capacity 2799K, committed 2816K, reserved 1048576K

Card table byte_map: [0x00007f372c159000,0x00007f372d000000] byte_map_base: 0x00007f37291ff000

Marking Bits: (ParMarkBitMap*) 0x00007f3742e88d80
 Begin Bits: [0x00007f371d1f4000, 0x00007f3724724000)
 End Bits:   [0x00007f3724724000, 0x00007f372bc54000)

Polling page: 0x00007f3743acb000

CodeCache: size=245760Kb used=9429Kb max_used=9436Kb free=236330Kb
 bounds [0x00007f372d000000, 0x00007f372d950000, 0x00007f373c000000]
 total_blobs=3219 nmethods=2731 adapters=400
 compilation: enabled

Compilation events (10 events):
Event: 149.086 Thread 0x00007f373c207800 nmethod 3405 0x00007f372d93a2d0 code [0x00007f372d93a440, 0x00007f372d93a818]
Event: 149.086 Thread 0x00007f373c207800 3370   !   4       java.security.Security::getSpiClass (72 bytes)
Event: 149.361 Thread 0x00007f373c207800 nmethod 3370 0x00007f372d93bbd0 code [0x00007f372d93bd40, 0x00007f372d93c278]
Event: 149.361 Thread 0x00007f373c207800 3404       4       tech.iresponse.import.goto::do (63 bytes)
Event: 150.708 Thread 0x00007f373c207800 nmethod 3404 0x00007f372d944dd0 code [0x00007f372d944fe0, 0x00007f372d945dd8]
Event: 150.708 Thread 0x00007f373c207800 3203   !   4       sun.security.provider.DigestBase::engineDigest (39 bytes)
Event: 150.711 Thread 0x00007f373c207800 nmethod 3203 0x00007f372d939f10 code [0x00007f372d93a060, 0x00007f372d93a1c8]
Event: 150.711 Thread 0x00007f373c207800 3200       4       java.security.MessageDigest$Delegate::engineDigest (8 bytes)
Event: 150.714 Thread 0x00007f373c207800 nmethod 3200 0x00007f372d939a90 code [0x00007f372d939c00, 0x00007f372d939da8]
Event: 150.714 Thread 0x00007f373c207800 3356   !   4       sun.security.jca.GetInstance::getInstance (130 bytes)

GC Heap History (10 events):
Event: 114.591 GC heap after
Heap after GC invocations=5 (full 1):
 PSYoungGen      total 227328K, used 19943K [0x0000000723c00000, 0x0000000733c00000, 0x00000007c0000000)
  eden space 207360K, 0% used [0x0000000723c00000,0x0000000723c00000,0x0000000730680000)
  from space 19968K, 99% used [0x0000000731a00000,0x0000000732d79fe8,0x0000000732d80000)
  to   space 19968K, 0% used [0x0000000730680000,0x0000000730680000,0x0000000731a00000)
 ParOldGen       total 225792K, used 63402K [0x00000005eb400000, 0x00000005f9080000, 0x0000000723c00000)
  object space 225792K, 28% used [0x00000005eb400000,0x00000005ef1ea870,0x00000005f9080000)
 Metaspace       used 23753K, capacity 24270K, committed 24320K, reserved 1071104K
  class space    used 2676K, capacity 2797K, committed 2816K, reserved 1048576K
}
Event: 123.205 GC heap before
{Heap before GC invocations=6 (full 1):
 PSYoungGen      total 227328K, used 227303K [0x0000000723c00000, 0x0000000733c00000, 0x00000007c0000000)
  eden space 207360K, 100% used [0x0000000723c00000,0x0000000730680000,0x0000000730680000)
  from space 19968K, 99% used [0x0000000731a00000,0x0000000732d79fe8,0x0000000732d80000)
  to   space 19968K, 0% used [0x0000000730680000,0x0000000730680000,0x0000000731a00000)
 ParOldGen       total 225792K, used 63402K [0x00000005eb400000, 0x00000005f9080000, 0x0000000723c00000)
  object space 225792K, 28% used [0x00000005eb400000,0x00000005ef1ea870,0x00000005f9080000)
 Metaspace       used 23778K, capacity 24270K, committed 24320K, reserved 1071104K
  class space    used 2676K, capacity 2797K, committed 2816K, reserved 1048576K
Event: 123.743 GC heap after
Heap after GC invocations=6 (full 1):
 PSYoungGen      total 227328K, used 19947K [0x0000000723c00000, 0x0000000741380000, 0x00000007c0000000)
  eden space 207360K, 0% used [0x0000000723c00000,0x0000000723c00000,0x0000000730680000)
  from space 19968K, 99% used [0x0000000730680000,0x00000007319fad98,0x0000000731a00000)
  to   space 49664K, 0% used [0x000000073e300000,0x000000073e300000,0x0000000741380000)
 ParOldGen       total 225792K, used 68920K [0x00000005eb400000, 0x00000005f9080000, 0x0000000723c00000)
  object space 225792K, 30% used [0x00000005eb400000,0x00000005ef74e1d0,0x00000005f9080000)
 Metaspace       used 23778K, capacity 24270K, committed 24320K, reserved 1071104K
  class space    used 2676K, capacity 2797K, committed 2816K, reserved 1048576K
}
Event: 127.551 GC heap before
{Heap before GC invocations=7 (full 1):
 PSYoungGen      total 227328K, used 227307K [0x0000000723c00000, 0x0000000741380000, 0x00000007c0000000)
  eden space 207360K, 100% used [0x0000000723c00000,0x0000000730680000,0x0000000730680000)
  from space 19968K, 99% used [0x0000000730680000,0x00000007319fad98,0x0000000731a00000)
  to   space 49664K, 0% used [0x000000073e300000,0x000000073e300000,0x0000000741380000)
 ParOldGen       total 225792K, used 68920K [0x00000005eb400000, 0x00000005f9080000, 0x0000000723c00000)
  object space 225792K, 30% used [0x00000005eb400000,0x00000005ef74e1d0,0x00000005f9080000)
 Metaspace       used 23827K, capacity 24340K, committed 24576K, reserved 1071104K
  class space    used 2677K, capacity 2798K, committed 2816K, reserved 1048576K
Event: 128.684 GC heap after
Heap after GC invocations=7 (full 1):
 PSYoungGen      total 435712K, used 27773K [0x0000000723c00000, 0x0000000741b00000, 0x00000007c0000000)
  eden space 386048K, 0% used [0x0000000723c00000,0x0000000723c00000,0x000000073b500000)
  from space 49664K, 55% used [0x000000073e300000,0x000000073fe1f748,0x0000000741380000)
  to   space 47104K, 0% used [0x000000073b500000,0x000000073b500000,0x000000073e300000)
 ParOldGen       total 225792K, used 68928K [0x00000005eb400000, 0x00000005f9080000, 0x0000000723c00000)
  object space 225792K, 30% used [0x00000005eb400000,0x00000005ef7501d0,0x00000005f9080000)
 Metaspace       used 23827K, capacity 24340K, committed 24576K, reserved 1071104K
  class space    used 2677K, capacity 2798K, committed 2816K, reserved 1048576K
}
Event: 138.337 GC heap before
{Heap before GC invocations=8 (full 1):
 PSYoungGen      total 435712K, used 413821K [0x0000000723c00000, 0x0000000741b00000, 0x00000007c0000000)
  eden space 386048K, 100% used [0x0000000723c00000,0x000000073b500000,0x000000073b500000)
  from space 49664K, 55% used [0x000000073e300000,0x000000073fe1f748,0x0000000741380000)
  to   space 47104K, 0% used [0x000000073b500000,0x000000073b500000,0x000000073e300000)
 ParOldGen       total 225792K, used 68928K [0x00000005eb400000, 0x00000005f9080000, 0x0000000723c00000)
  object space 225792K, 30% used [0x00000005eb400000,0x00000005ef7501d0,0x00000005f9080000)
 Metaspace       used 23846K, capacity 24346K, committed 24576K, reserved 1071104K
  class space    used 2678K, capacity 2799K, committed 2816K, reserved 1048576K
Event: 139.265 GC heap after
Heap after GC invocations=8 (full 1):
 PSYoungGen      total 433152K, used 33220K [0x0000000723c00000, 0x0000000756700000, 0x00000007c0000000)
  eden space 386048K, 0% used [0x0000000723c00000,0x0000000723c00000,0x000000073b500000)
  from space 47104K, 70% used [0x000000073b500000,0x000000073d571138,0x000000073e300000)
  to   space 46592K, 0% used [0x0000000753980000,0x0000000753980000,0x0000000756700000)
 ParOldGen       total 225792K, used 75721K [0x00000005eb400000, 0x00000005f9080000, 0x0000000723c00000)
  object space 225792K, 33% used [0x00000005eb400000,0x00000005efdf2570,0x00000005f9080000)
 Metaspace       used 23846K, capacity 24346K, committed 24576K, reserved 1071104K
  class space    used 2678K, capacity 2799K, committed 2816K, reserved 1048576K
}
Event: 143.833 GC heap before
{Heap before GC invocations=9 (full 1):
 PSYoungGen      total 433152K, used 419268K [0x0000000723c00000, 0x0000000756700000, 0x00000007c0000000)
  eden space 386048K, 100% used [0x0000000723c00000,0x000000073b500000,0x000000073b500000)
  from space 47104K, 70% used [0x000000073b500000,0x000000073d571138,0x000000073e300000)
  to   space 46592K, 0% used [0x0000000753980000,0x0000000753980000,0x0000000756700000)
 ParOldGen       total 225792K, used 75721K [0x00000005eb400000, 0x00000005f9080000, 0x0000000723c00000)
  object space 225792K, 33% used [0x00000005eb400000,0x00000005efdf2570,0x00000005f9080000)
 Metaspace       used 23906K, capacity 24410K, committed 24576K, reserved 1071104K
  class space    used 2678K, capacity 2799K, committed 2816K, reserved 1048576K
Event: 144.821 GC heap after
Heap after GC invocations=9 (full 1):
 PSYoungGen      total 781824K, used 40174K [0x0000000723c00000, 0x0000000757080000, 0x00000007c0000000)
  eden space 735232K, 0% used [0x0000000723c00000,0x0000000723c00000,0x0000000750a00000)
  from space 46592K, 86% used [0x0000000753980000,0x00000007560bb900,0x0000000756700000)
  to   space 48640K, 0% used [0x0000000750a00000,0x0000000750a00000,0x0000000753980000)
 ParOldGen       total 225792K, used 81389K [0x00000005eb400000, 0x00000005f9080000, 0x0000000723c00000)
  object space 225792K, 36% used [0x00000005eb400000,0x00000005f037b718,0x00000005f9080000)
 Metaspace       used 23906K, capacity 24410K, committed 24576K, reserved 1071104K
  class space    used 2678K, capacity 2799K, committed 2816K, reserved 1048576K
}
Event: 151.780 GC heap before
{Heap before GC invocations=10 (full 1):
 PSYoungGen      total 781824K, used 775406K [0x0000000723c00000, 0x0000000757080000, 0x00000007c0000000)
  eden space 735232K, 100% used [0x0000000723c00000,0x0000000750a00000,0x0000000750a00000)
  from space 46592K, 86% used [0x0000000753980000,0x00000007560bb900,0x0000000756700000)
  to   space 48640K, 0% used [0x0000000750a00000,0x0000000750a00000,0x0000000753980000)
 ParOldGen       total 225792K, used 81389K [0x00000005eb400000, 0x00000005f9080000, 0x0000000723c00000)
  object space 225792K, 36% used [0x00000005eb400000,0x00000005f037b718,0x00000005f9080000)
 Metaspace       used 23906K, capacity 24410K, committed 24576K, reserved 1071104K
  class space    used 2678K, capacity 2799K, committed 2816K, reserved 1048576K

Deoptimization events (10 events):
Event: 100.834 Thread 0x00007f369c019000 Uncommon trap: reason=class_check action=maybe_recompile pc=0x00007f372d6f7eb8 method=com.google.common.base.Joiner.toString(Ljava/lang/Object;)Ljava/lang/CharSequence; @ 6
Event: 101.967 Thread 0x00007f373ca82800 Uncommon trap: reason=unstable_if action=reinterpret pc=0x00007f372d658568 method=java.lang.Class.privateGetDeclaredFields(Z)[Ljava/lang/reflect/Field; @ 13
Event: 102.063 Thread 0x00007f373ca82800 Uncommon trap: reason=unstable_if action=reinterpret pc=0x00007f372d36655c method=java.lang.String.lastIndexOf([CII[CIII)I @ 118
Event: 105.075 Thread 0x00007f36a000a000 Uncommon trap: reason=class_check action=maybe_recompile pc=0x00007f372d714534 method=com.google.common.base.Joiner.appendTo(Ljava/lang/Appendable;Ljava/util/Iterator;)Ljava/lang/Appendable; @ 6
Event: 105.077 Thread 0x00007f36a000a000 Uncommon trap: reason=unstable_if action=reinterpret pc=0x00007f372d5fa580 method=java.lang.Integer.parseInt(Ljava/lang/String;I)I @ 197
Event: 120.649 Thread 0x00007f373ca87000 Uncommon trap: reason=predicate action=maybe_recompile pc=0x00007f372d7d267c method=java.util.regex.Pattern$Slice.match(Ljava/util/regex/Matcher;ILjava/lang/CharSequence;)Z @ 21
Event: 125.492 Thread 0x00007f369001a800 Uncommon trap: reason=array_check action=maybe_recompile pc=0x00007f372d808544 method=org.apache.commons.lang.ArrayUtils.add([Ljava/lang/Object;Ljava/lang/Object;)[Ljava/lang/Object; @ 59
Event: 125.492 Thread 0x00007f369001a800 Uncommon trap: reason=array_check action=maybe_recompile pc=0x00007f372d808544 method=org.apache.commons.lang.ArrayUtils.add([Ljava/lang/Object;Ljava/lang/Object;)[Ljava/lang/Object; @ 59
Event: 125.492 Thread 0x00007f369001a800 Uncommon trap: reason=array_check action=maybe_recompile pc=0x00007f372d808544 method=org.apache.commons.lang.ArrayUtils.add([Ljava/lang/Object;Ljava/lang/Object;)[Ljava/lang/Object; @ 59
Event: 125.492 Thread 0x00007f369001a800 Uncommon trap: reason=array_check action=maybe_recompile pc=0x00007f372d808544 method=org.apache.commons.lang.ArrayUtils.add([Ljava/lang/Object;Ljava/lang/Object;)[Ljava/lang/Object; @ 59

Classes redefined (0 events):
No events

Internal exceptions (10 events):
Event: 100.786 Thread 0x00007f373ca82800 Exception <a 'java/net/SocketTimeoutException': Read timed out> (0x0000000727720830) thrown at [/HUDSON/workspace/8-2-build-linux-amd64/jdk8u212/12974/hotspot/src/share/vm/prims/jni.cpp, line 736]
Event: 101.837 Thread 0x00007f373ca82800 Exception <a 'java/net/SocketTimeoutException': Read timed out> (0x0000000728120a10) thrown at [/HUDSON/workspace/8-2-build-linux-amd64/jdk8u212/12974/hotspot/src/share/vm/prims/jni.cpp, line 736]
Event: 102.122 Thread 0x00007f373ca87000 Exception <a 'java/net/SocketTimeoutException': Read timed out> (0x0000000727518638) thrown at [/HUDSON/workspace/8-2-build-linux-amd64/jdk8u212/12974/hotspot/src/share/vm/prims/jni.cpp, line 736]
Event: 105.096 Thread 0x00007f373ca88000 Exception <a 'java/net/SocketTimeoutException': Read timed out> (0x0000000727ea1428) thrown at [/HUDSON/workspace/8-2-build-linux-amd64/jdk8u212/12974/hotspot/src/share/vm/prims/jni.cpp, line 736]
Event: 109.853 Thread 0x00007f373ca87000 Exception <a 'java/net/SocketTimeoutException': Read timed out> (0x0000000723ed8328) thrown at [/HUDSON/workspace/8-2-build-linux-amd64/jdk8u212/12974/hotspot/src/share/vm/prims/jni.cpp, line 736]
Event: 114.916 Thread 0x00007f373ca87000 Exception <a 'java/net/SocketTimeoutException': Read timed out> (0x0000000723cd0d98) thrown at [/HUDSON/workspace/8-2-build-linux-amd64/jdk8u212/12974/hotspot/src/share/vm/prims/jni.cpp, line 736]
Event: 115.707 Thread 0x00007f373ca87000 Exception <a 'java/net/SocketTimeoutException': Read timed out> (0x0000000723cf80d8) thrown at [/HUDSON/workspace/8-2-build-linux-amd64/jdk8u212/12974/hotspot/src/share/vm/prims/jni.cpp, line 736]
Event: 116.119 Thread 0x00007f373ca87000 Exception <a 'java/net/SocketTimeoutException': Read timed out> (0x00000007240873b0) thrown at [/HUDSON/workspace/8-2-build-linux-amd64/jdk8u212/12974/hotspot/src/share/vm/prims/jni.cpp, line 736]
Event: 120.119 Thread 0x00007f373ca88000 Exception <a 'java/net/SocketTimeoutException': Read timed out> (0x0000000729400340) thrown at [/HUDSON/workspace/8-2-build-linux-amd64/jdk8u212/12974/hotspot/src/share/vm/prims/jni.cpp, line 736]
Event: 120.672 Thread 0x00007f373ca88000 Exception <a 'java/net/SocketTimeoutException': Read timed out> (0x000000072a025da8) thrown at [/HUDSON/workspace/8-2-build-linux-amd64/jdk8u212/12974/hotspot/src/share/vm/prims/jni.cpp, line 736]

Events (10 events):
Event: 136.764 Executing VM operation: RevokeBias
Event: 136.765 Executing VM operation: RevokeBias done
Event: 136.765 Thread 0x00007f369000c800 Thread exited: 0x00007f369000c800
Event: 137.215 Executing VM operation: ParallelGCFailedAllocation
Event: 139.265 Executing VM operation: ParallelGCFailedAllocation done
Event: 139.772 Thread 0x00007f369c019000 DEOPT PACKING pc=0x00007f372d850ce3 sp=0x00007f361b8f7320
Event: 139.772 Thread 0x00007f369c019000 DEOPT UNPACKING pc=0x00007f372d0474c4 sp=0x00007f361b8f72b0 mode 0
Event: 143.333 Executing VM operation: ParallelGCFailedAllocation
Event: 144.821 Executing VM operation: ParallelGCFailedAllocation done
Event: 151.559 Executing VM operation: ParallelGCFailedAllocation


Dynamic libraries:
00400000-00401000 r-xp 00000000 08:02 25954016                           /opt/jdk1.8.0_212/bin/java
00600000-00601000 r--p 00000000 08:02 25954016                           /opt/jdk1.8.0_212/bin/java
00601000-00602000 rw-p 00001000 08:02 25954016                           /opt/jdk1.8.0_212/bin/java
00c9a000-00cbb000 rw-p 00000000 00:00 0                                  [heap]
5eb400000-5f9080000 rw-p 00000000 00:00 0 
5f9080000-723c00000 ---p 00000000 00:00 0 
723c00000-757080000 rw-p 00000000 00:00 0 
771180000-7c0000000 ---p 00000000 00:00 0 
7c0000000-7c02c0000 rw-p 00000000 00:00 0 
7c02c0000-800000000 ---p 00000000 00:00 0 
7f361a2e3000-7f361a2e6000 ---p 00000000 00:00 0 
7f361a2e6000-7f361a3e4000 rw-p 00000000 00:00 0 
7f361a3e4000-7f361a3e7000 ---p 00000000 00:00 0 
7f361a3e7000-7f361a4e5000 rw-p 00000000 00:00 0 
7f361a4e5000-7f361a4e8000 ---p 00000000 00:00 0 
7f361a4e8000-7f361a5e6000 rw-p 00000000 00:00 0 
7f361a5e6000-7f361a5e9000 ---p 00000000 00:00 0 
7f361a5e9000-7f361a6e7000 rw-p 00000000 00:00 0 
7f361a6e7000-7f361a6ea000 ---p 00000000 00:00 0 
7f361a6ea000-7f361a7e8000 rw-p 00000000 00:00 0 
7f361a7e8000-7f361a7eb000 ---p 00000000 00:00 0 
7f361a7eb000-7f361a8e9000 rw-p 00000000 00:00 0 
7f361a8e9000-7f361a8ec000 ---p 00000000 00:00 0 
7f361a8ec000-7f361a9ea000 rw-p 00000000 00:00 0 
7f361a9ea000-7f361a9ed000 ---p 00000000 00:00 0 
7f361a9ed000-7f361aaeb000 rw-p 00000000 00:00 0 
7f361aaeb000-7f361aaee000 ---p 00000000 00:00 0 
7f361aaee000-7f361abec000 rw-p 00000000 00:00 0 
7f361abec000-7f361abef000 ---p 00000000 00:00 0 
7f361abef000-7f361aced000 rw-p 00000000 00:00 0 
7f361aced000-7f361acf0000 ---p 00000000 00:00 0 
7f361acf0000-7f361adee000 rw-p 00000000 00:00 0 
7f361adee000-7f361adf1000 ---p 00000000 00:00 0 
7f361adf1000-7f361aeef000 rw-p 00000000 00:00 0 
7f361aeef000-7f361aef2000 ---p 00000000 00:00 0 
7f361aef2000-7f361aff0000 rw-p 00000000 00:00 0 
7f361aff0000-7f361aff3000 ---p 00000000 00:00 0 
7f361aff3000-7f361b0f1000 rw-p 00000000 00:00 0 
7f361b0f1000-7f361b0f4000 ---p 00000000 00:00 0 
7f361b0f4000-7f361b1f2000 rw-p 00000000 00:00 0 
7f361b1f2000-7f361b1f5000 ---p 00000000 00:00 0 
7f361b1f5000-7f361b2f3000 rw-p 00000000 00:00 0 
7f361b2f3000-7f361b2f6000 ---p 00000000 00:00 0 
7f361b2f6000-7f361b3f4000 rw-p 00000000 00:00 0 
7f361b3f4000-7f361b3f7000 ---p 00000000 00:00 0 
7f361b3f7000-7f361b4f5000 rw-p 00000000 00:00 0 
7f361b4f5000-7f361b4f8000 ---p 00000000 00:00 0 
7f361b4f8000-7f361b5f6000 rw-p 00000000 00:00 0 
7f361b5f6000-7f361b5f9000 ---p 00000000 00:00 0 
7f361b5f9000-7f361b6f7000 rw-p 00000000 00:00 0 
7f361b6f7000-7f361b6fa000 ---p 00000000 00:00 0 
7f361b6fa000-7f361b7f8000 rw-p 00000000 00:00 0 
7f361b7f8000-7f361b7fb000 ---p 00000000 00:00 0 
7f361b7fb000-7f361b8f9000 rw-p 00000000 00:00 0 
7f361b8f9000-7f361b8fc000 ---p 00000000 00:00 0 
7f361b8fc000-7f361b9fa000 rw-p 00000000 00:00 0 
7f361b9fa000-7f361b9fd000 ---p 00000000 00:00 0 
7f361b9fd000-7f361bafb000 rw-p 00000000 00:00 0 
7f361bafb000-7f361bafe000 ---p 00000000 00:00 0 
7f361bafe000-7f361bbfc000 rw-p 00000000 00:00 0 
7f361bbfc000-7f361bbff000 ---p 00000000 00:00 0 
7f361bbff000-7f361bcfd000 rw-p 00000000 00:00 0 
7f361bcfd000-7f361bd00000 ---p 00000000 00:00 0 
7f361bd00000-7f361bdfe000 rw-p 00000000 00:00 0 
7f361bdfe000-7f361be01000 ---p 00000000 00:00 0 
7f361be01000-7f361beff000 rw-p 00000000 00:00 0 
7f361beff000-7f361bf02000 ---p 00000000 00:00 0 
7f361bf02000-7f361c000000 rw-p 00000000 00:00 0 
7f361c000000-7f361c021000 rw-p 00000000 00:00 0 
7f361c021000-7f3620000000 ---p 00000000 00:00 0 
7f3620000000-7f3620021000 rw-p 00000000 00:00 0 
7f3620021000-7f3624000000 ---p 00000000 00:00 0 
7f3624000000-7f3624021000 rw-p 00000000 00:00 0 
7f3624021000-7f3628000000 ---p 00000000 00:00 0 
7f3628000000-7f3628021000 rw-p 00000000 00:00 0 
7f3628021000-7f362c000000 ---p 00000000 00:00 0 
7f362c000000-7f362c021000 rw-p 00000000 00:00 0 
7f362c021000-7f3630000000 ---p 00000000 00:00 0 
7f3630000000-7f3630021000 rw-p 00000000 00:00 0 
7f3630021000-7f3634000000 ---p 00000000 00:00 0 
7f3634000000-7f3634021000 rw-p 00000000 00:00 0 
7f3634021000-7f3638000000 ---p 00000000 00:00 0 
7f3638000000-7f3638021000 rw-p 00000000 00:00 0 
7f3638021000-7f363c000000 ---p 00000000 00:00 0 
7f363c000000-7f363c021000 rw-p 00000000 00:00 0 
7f363c021000-7f3640000000 ---p 00000000 00:00 0 
7f3640000000-7f3640021000 rw-p 00000000 00:00 0 
7f3640021000-7f3644000000 ---p 00000000 00:00 0 
7f3644000000-7f3644021000 rw-p 00000000 00:00 0 
7f3644021000-7f3648000000 ---p 00000000 00:00 0 
7f3648000000-7f3648021000 rw-p 00000000 00:00 0 
7f3648021000-7f364c000000 ---p 00000000 00:00 0 
7f364c000000-7f364c021000 rw-p 00000000 00:00 0 
7f364c021000-7f3650000000 ---p 00000000 00:00 0 
7f3650000000-7f3650021000 rw-p 00000000 00:00 0 
7f3650021000-7f3654000000 ---p 00000000 00:00 0 
7f3654000000-7f3654021000 rw-p 00000000 00:00 0 
7f3654021000-7f3658000000 ---p 00000000 00:00 0 
7f3658000000-7f3658021000 rw-p 00000000 00:00 0 
7f3658021000-7f365c000000 ---p 00000000 00:00 0 
7f365c000000-7f365c021000 rw-p 00000000 00:00 0 
7f365c021000-7f3660000000 ---p 00000000 00:00 0 
7f3660000000-7f3660021000 rw-p 00000000 00:00 0 
7f3660021000-7f3664000000 ---p 00000000 00:00 0 
7f3664000000-7f3664021000 rw-p 00000000 00:00 0 
7f3664021000-7f3668000000 ---p 00000000 00:00 0 
7f3668000000-7f3668021000 rw-p 00000000 00:00 0 
7f3668021000-7f366c000000 ---p 00000000 00:00 0 
7f366c000000-7f366c021000 rw-p 00000000 00:00 0 
7f366c021000-7f3670000000 ---p 00000000 00:00 0 
7f3670000000-7f3670021000 rw-p 00000000 00:00 0 
7f3670021000-7f3674000000 ---p 00000000 00:00 0 
7f3674000000-7f3674021000 rw-p 00000000 00:00 0 
7f3674021000-7f3678000000 ---p 00000000 00:00 0 
7f3678000000-7f3678021000 rw-p 00000000 00:00 0 
7f3678021000-7f367c000000 ---p 00000000 00:00 0 
7f367c000000-7f367c021000 rw-p 00000000 00:00 0 
7f367c021000-7f3680000000 ---p 00000000 00:00 0 
7f3680000000-7f3680021000 rw-p 00000000 00:00 0 
7f3680021000-7f3684000000 ---p 00000000 00:00 0 
7f3684000000-7f3684021000 rw-p 00000000 00:00 0 
7f3684021000-7f3688000000 ---p 00000000 00:00 0 
7f3688000000-7f3688021000 rw-p 00000000 00:00 0 
7f3688021000-7f368c000000 ---p 00000000 00:00 0 
7f368c000000-7f368c060000 rw-p 00000000 00:00 0 
7f368c060000-7f3690000000 ---p 00000000 00:00 0 
7f3690000000-7f3690056000 rw-p 00000000 00:00 0 
7f3690056000-7f3694000000 ---p 00000000 00:00 0 
7f3694000000-7f3694056000 rw-p 00000000 00:00 0 
7f3694056000-7f3698000000 ---p 00000000 00:00 0 
7f3698000000-7f369807b000 rw-p 00000000 00:00 0 
7f369807b000-7f369c000000 ---p 00000000 00:00 0 
7f369c000000-7f369c0a7000 rw-p 00000000 00:00 0 
7f369c0a7000-7f36a0000000 ---p 00000000 00:00 0 
7f36a0000000-7f36a0044000 rw-p 00000000 00:00 0 
7f36a0044000-7f36a4000000 ---p 00000000 00:00 0 
7f36a4000000-7f36a4041000 rw-p 00000000 00:00 0 
7f36a4041000-7f36a8000000 ---p 00000000 00:00 0 
7f36a8000000-7f36a805b000 rw-p 00000000 00:00 0 
7f36a805b000-7f36ac000000 ---p 00000000 00:00 0 
7f36ac000000-7f36ac021000 rw-p 00000000 00:00 0 
7f36ac021000-7f36b0000000 ---p 00000000 00:00 0 
7f36b0000000-7f36b0021000 rw-p 00000000 00:00 0 
7f36b0021000-7f36b4000000 ---p 00000000 00:00 0 
7f36b4000000-7f36b4021000 rw-p 00000000 00:00 0 
7f36b4021000-7f36b8000000 ---p 00000000 00:00 0 
7f36b8000000-7f36b8021000 rw-p 00000000 00:00 0 
7f36b8021000-7f36bc000000 ---p 00000000 00:00 0 
7f36bc000000-7f36bc021000 rw-p 00000000 00:00 0 
7f36bc021000-7f36c0000000 ---p 00000000 00:00 0 
7f36c0000000-7f36c006b000 rw-p 00000000 00:00 0 
7f36c006b000-7f36c4000000 ---p 00000000 00:00 0 
7f36c4000000-7f36c4066000 rw-p 00000000 00:00 0 
7f36c4066000-7f36c8000000 ---p 00000000 00:00 0 
7f36c80cb000-7f36c80ce000 ---p 00000000 00:00 0 
7f36c80ce000-7f36c81cc000 rw-p 00000000 00:00 0 
7f36c81cc000-7f36c81cf000 ---p 00000000 00:00 0 
7f36c81cf000-7f36c82cd000 rw-p 00000000 00:00 0 
7f36c82cd000-7f36c82d0000 ---p 00000000 00:00 0 
7f36c82d0000-7f36c83ce000 rw-p 00000000 00:00 0 
7f36c83ce000-7f36c83d1000 ---p 00000000 00:00 0 
7f36c83d1000-7f36c84cf000 rw-p 00000000 00:00 0 
7f36c84cf000-7f36c84d2000 ---p 00000000 00:00 0 
7f36c84d2000-7f36c85d0000 rw-p 00000000 00:00 0 
7f36c85d0000-7f36c85d3000 ---p 00000000 00:00 0 
7f36c85d3000-7f36c86d1000 rw-p 00000000 00:00 0 
7f36c86d1000-7f36c86d4000 ---p 00000000 00:00 0 
7f36c86d4000-7f36c87d2000 rw-p 00000000 00:00 0 
7f36c87d2000-7f36c87d5000 ---p 00000000 00:00 0 
7f36c87d5000-7f36c88d3000 rw-p 00000000 00:00 0 
7f36c88d3000-7f36c88d6000 ---p 00000000 00:00 0 
7f36c88d6000-7f36c89d4000 rw-p 00000000 00:00 0 
7f36c89d4000-7f36c89d7000 ---p 00000000 00:00 0 
7f36c89d7000-7f36c8ad5000 rw-p 00000000 00:00 0 
7f36c8ad5000-7f36c8ad8000 ---p 00000000 00:00 0 
7f36c8ad8000-7f36c8bd6000 rw-p 00000000 00:00 0 
7f36c8bd6000-7f36c8bd9000 ---p 00000000 00:00 0 
7f36c8bd9000-7f36c8cd7000 rw-p 00000000 00:00 0 
7f36c8cd7000-7f36c8cda000 ---p 00000000 00:00 0 
7f36c8cda000-7f36c8dd8000 rw-p 00000000 00:00 0 
7f36c8dd8000-7f36c8ddb000 ---p 00000000 00:00 0 
7f36c8ddb000-7f36c8ed9000 rw-p 00000000 00:00 0 
7f36c8ed9000-7f36c8edc000 ---p 00000000 00:00 0 
7f36c8edc000-7f36c8fda000 rw-p 00000000 00:00 0 
7f36c8fda000-7f36c8fdd000 ---p 00000000 00:00 0 
7f36c8fdd000-7f36c90db000 rw-p 00000000 00:00 0 
7f36c90db000-7f36c90de000 ---p 00000000 00:00 0 
7f36c90de000-7f36c91dc000 rw-p 00000000 00:00 0 
7f36c91dc000-7f36c91df000 ---p 00000000 00:00 0 
7f36c91df000-7f36c92dd000 rw-p 00000000 00:00 0 
7f36c92dd000-7f36c92e0000 ---p 00000000 00:00 0 
7f36c92e0000-7f36c93de000 rw-p 00000000 00:00 0 
7f36c93de000-7f36c93e1000 ---p 00000000 00:00 0 
7f36c93e1000-7f36c94df000 rw-p 00000000 00:00 0 
7f36c94df000-7f36c94e2000 ---p 00000000 00:00 0 
7f36c94e2000-7f36c95e0000 rw-p 00000000 00:00 0 
7f36c95e0000-7f36c95e3000 ---p 00000000 00:00 0 
7f36c95e3000-7f36c96e1000 rw-p 00000000 00:00 0 
7f36c96e1000-7f36c96e4000 ---p 00000000 00:00 0 
7f36c96e4000-7f36c97e2000 rw-p 00000000 00:00 0 
7f36c97e2000-7f36c97e5000 ---p 00000000 00:00 0 
7f36c97e5000-7f36c98e3000 rw-p 00000000 00:00 0 
7f36c98e3000-7f36c98e6000 ---p 00000000 00:00 0 
7f36c98e6000-7f36c99e4000 rw-p 00000000 00:00 0 
7f36c99e4000-7f36c99e7000 ---p 00000000 00:00 0 
7f36c99e7000-7f36c9ae5000 rw-p 00000000 00:00 0 
7f36c9ae5000-7f36c9ae8000 ---p 00000000 00:00 0 
7f36c9ae8000-7f36c9be6000 rw-p 00000000 00:00 0 
7f36c9be6000-7f36c9be9000 ---p 00000000 00:00 0 
7f36c9be9000-7f36c9ce7000 rw-p 00000000 00:00 0 
7f36c9ce7000-7f36c9cea000 ---p 00000000 00:00 0 
7f36c9cea000-7f36c9de8000 rw-p 00000000 00:00 0 
7f36c9de8000-7f36c9deb000 ---p 00000000 00:00 0 
7f36c9deb000-7f36c9ee9000 rw-p 00000000 00:00 0 
7f36c9ee9000-7f36c9eec000 ---p 00000000 00:00 0 
7f36c9eec000-7f36c9fea000 rw-p 00000000 00:00 0 
7f36c9fea000-7f36c9fed000 ---p 00000000 00:00 0 
7f36c9fed000-7f36ca0eb000 rw-p 00000000 00:00 0 
7f36ca0eb000-7f36ca0ee000 ---p 00000000 00:00 0 
7f36ca0ee000-7f36ca1ec000 rw-p 00000000 00:00 0 
7f36ca1ec000-7f36ca1ef000 ---p 00000000 00:00 0 
7f36ca1ef000-7f36ca2ed000 rw-p 00000000 00:00 0 
7f36ca2ed000-7f36ca2f0000 ---p 00000000 00:00 0 
7f36ca2f0000-7f36ca3ee000 rw-p 00000000 00:00 0 
7f36ca3f0000-7f36ca3f3000 ---p 00000000 00:00 0 
7f36ca3f3000-7f36ca631000 rw-p 00000000 00:00 0 
7f36ca631000-7f36ca6f1000 ---p 00000000 00:00 0 
7f36ca6f1000-7f36ca6f4000 ---p 00000000 00:00 0 
7f36ca6f4000-7f36ca7f2000 rw-p 00000000 00:00 0 
7f36ca7f2000-7f36ca7f5000 ---p 00000000 00:00 0 
7f36ca7f5000-7f36ca8f3000 rw-p 00000000 00:00 0 
7f36ca8f3000-7f36ca8f6000 ---p 00000000 00:00 0 
7f36ca8f6000-7f36ca9f4000 rw-p 00000000 00:00 0 
7f36ca9f4000-7f36ca9f7000 ---p 00000000 00:00 0 
7f36ca9f7000-7f36caaf5000 rw-p 00000000 00:00 0 
7f36caaf5000-7f36caaf8000 ---p 00000000 00:00 0 
7f36caaf8000-7f36cabf6000 rw-p 00000000 00:00 0 
7f36cabf6000-7f36cabf9000 ---p 00000000 00:00 0 
7f36cabf9000-7f36cacf7000 rw-p 00000000 00:00 0 
7f36cacf7000-7f36cacfa000 ---p 00000000 00:00 0 
7f36cacfa000-7f36caff8000 rw-p 00000000 00:00 0 
7f36caff8000-7f36caffb000 ---p 00000000 00:00 0 
7f36caffb000-7f36cb0f9000 rw-p 00000000 00:00 0 
7f36cb0f9000-7f36cb2f9000 rw-p 00000000 00:00 0 
7f36cb2f9000-7f36cb4f9000 rw-p 00000000 00:00 0 
7f36cb4f9000-7f36cb6f9000 rw-p 00000000 00:00 0 
7f36cb6f9000-7f36cb6fc000 ---p 00000000 00:00 0 
7f36cb6fc000-7f36cb7fa000 rw-p 00000000 00:00 0 
7f36cb7fa000-7f36cb7fd000 ---p 00000000 00:00 0 
7f36cb7fd000-7f36cb8fb000 rw-p 00000000 00:00 0 
7f36cb8fb000-7f36cb8fe000 ---p 00000000 00:00 0 
7f36cb8fe000-7f36cb9fc000 rw-p 00000000 00:00 0 
7f36cb9fc000-7f36cb9ff000 ---p 00000000 00:00 0 
7f36cb9ff000-7f36cbcfd000 rw-p 00000000 00:00 0 
7f36cbcfd000-7f36cbd00000 ---p 00000000 00:00 0 
7f36cbd00000-7f36cbdfe000 rw-p 00000000 00:00 0 
7f36cbdfe000-7f36cbe01000 ---p 00000000 00:00 0 
7f36cbe01000-7f36cbeff000 rw-p 00000000 00:00 0 
7f36cbeff000-7f36cbf02000 ---p 00000000 00:00 0 
7f36cbf02000-7f36cc000000 rw-p 00000000 00:00 0 
7f36cc000000-7f36cc021000 rw-p 00000000 00:00 0 
7f36cc021000-7f36d0000000 ---p 00000000 00:00 0 
7f36d0000000-7f36d0021000 rw-p 00000000 00:00 0 
7f36d0021000-7f36d4000000 ---p 00000000 00:00 0 
7f36d4000000-7f36d47d7000 rw-p 00000000 00:00 0 
7f36d47d7000-7f36d8000000 ---p 00000000 00:00 0 
7f36d8000000-7f36d8021000 rw-p 00000000 00:00 0 
7f36d8021000-7f36dc000000 ---p 00000000 00:00 0 
7f36dc000000-7f36dca86000 rw-p 00000000 00:00 0 
7f36dca86000-7f36e0000000 ---p 00000000 00:00 0 
7f36e0000000-7f36e0b47000 rw-p 00000000 00:00 0 
7f36e0b47000-7f36e4000000 ---p 00000000 00:00 0 
7f36e4000000-7f36e4021000 rw-p 00000000 00:00 0 
7f36e4021000-7f36e8000000 ---p 00000000 00:00 0 
7f36e8000000-7f36e8612000 rw-p 00000000 00:00 0 
7f36e8612000-7f36ec000000 ---p 00000000 00:00 0 
7f36ec000000-7f36ec021000 rw-p 00000000 00:00 0 
7f36ec021000-7f36f0000000 ---p 00000000 00:00 0 
7f36f0000000-7f36f0021000 rw-p 00000000 00:00 0 
7f36f0021000-7f36f4000000 ---p 00000000 00:00 0 
7f36f4000000-7f36f4021000 rw-p 00000000 00:00 0 
7f36f4021000-7f36f8000000 ---p 00000000 00:00 0 
7f36f8000000-7f36f82ee000 rw-p 00000000 00:00 0 
7f36f82ee000-7f36fc000000 ---p 00000000 00:00 0 
7f36fc000000-7f36fc021000 rw-p 00000000 00:00 0 
7f36fc021000-7f3700000000 ---p 00000000 00:00 0 
7f3700000000-7f3700021000 rw-p 00000000 00:00 0 
7f3700021000-7f3704000000 ---p 00000000 00:00 0 
7f3704000000-7f3704021000 rw-p 00000000 00:00 0 
7f3704021000-7f3708000000 ---p 00000000 00:00 0 
7f3708000000-7f3708021000 rw-p 00000000 00:00 0 
7f3708021000-7f370c000000 ---p 00000000 00:00 0 
7f370c000000-7f370c021000 rw-p 00000000 00:00 0 
7f370c021000-7f3710000000 ---p 00000000 00:00 0 
7f3710000000-7f3710021000 rw-p 00000000 00:00 0 
7f3710021000-7f3714000000 ---p 00000000 00:00 0 
7f3714000000-7f3714021000 rw-p 00000000 00:00 0 
7f3714021000-7f3718000000 ---p 00000000 00:00 0 
7f3718066000-7f3718067000 rw-p 00000000 00:00 0 
7f3718067000-7f371807a000 r--s 00345000 08:02 25953951                   /opt/jdk1.8.0_212/jre/lib/resources.jar
7f371807a000-7f3718096000 r--s 00393000 08:02 25953937                   /opt/jdk1.8.0_212/jre/lib/ext/cldrdata.jar
7f3718096000-7f37180a0000 r--s 00116000 08:02 25953930                   /opt/jdk1.8.0_212/jre/lib/ext/localedata.jar
7f37180a0000-7f37182a0000 rw-p 00000000 00:00 0 
7f37182a0000-7f37182a3000 ---p 00000000 00:00 0 
7f37182a3000-7f37183a1000 rw-p 00000000 00:00 0 
7f37183a1000-7f37183b6000 r-xp 00000000 08:02 8388627                    /usr/lib64/libgcc_s-4.8.5-20150702.so.1
7f37183b6000-7f37185b5000 ---p 00015000 08:02 8388627                    /usr/lib64/libgcc_s-4.8.5-20150702.so.1
7f37185b5000-7f37185b6000 r--p 00014000 08:02 8388627                    /usr/lib64/libgcc_s-4.8.5-20150702.so.1
7f37185b6000-7f37185b7000 rw-p 00015000 08:02 8388627                    /usr/lib64/libgcc_s-4.8.5-20150702.so.1
7f37185b7000-7f37185bd000 r--s 0003f000 08:02 25953932                   /opt/jdk1.8.0_212/jre/lib/ext/sunjce_provider.jar
7f37185bd000-7f37185f5000 r-xp 00000000 08:02 25953860                   /opt/jdk1.8.0_212/jre/lib/amd64/libsunec.so
7f37185f5000-7f37187f4000 ---p 00038000 08:02 25953860                   /opt/jdk1.8.0_212/jre/lib/amd64/libsunec.so
7f37187f4000-7f37187f9000 r--p 00037000 08:02 25953860                   /opt/jdk1.8.0_212/jre/lib/amd64/libsunec.so
7f37187f9000-7f37187fb000 rw-p 0003c000 08:02 25953860                   /opt/jdk1.8.0_212/jre/lib/amd64/libsunec.so
7f37187fb000-7f371880c000 r-xp 00000000 08:02 25953903                   /opt/jdk1.8.0_212/jre/lib/amd64/libnio.so
7f371880c000-7f3718a0b000 ---p 00011000 08:02 25953903                   /opt/jdk1.8.0_212/jre/lib/amd64/libnio.so
7f3718a0b000-7f3718a0c000 r--p 00010000 08:02 25953903                   /opt/jdk1.8.0_212/jre/lib/amd64/libnio.so
7f3718a0c000-7f3718a0d000 rw-p 00011000 08:02 25953903                   /opt/jdk1.8.0_212/jre/lib/amd64/libnio.so
7f3718a0d000-7f3718a0f000 r--s 00009000 08:02 25953931                   /opt/jdk1.8.0_212/jre/lib/ext/sunec.jar
7f3718a0f000-7f3718a13000 r--s 0003b000 08:02 25953939                   /opt/jdk1.8.0_212/jre/lib/ext/sunpkcs11.jar
7f3718a13000-7f3718a16000 r--s 0001a000 08:02 25953831                   /opt/jdk1.8.0_212/jre/lib/jce.jar
7f3718a16000-7f3718a1b000 r--s 000a3000 08:02 25953924                   /opt/jdk1.8.0_212/jre/lib/jsse.jar
7f3718a1b000-7f3718a2d000 r--s 0010d000 08:02 9832027                    /usr/pikola/app/api/lib/jackson-databind.jar
7f3718a2d000-7f3718a31000 r--s 0003c000 08:02 9832026                    /usr/pikola/app/api/lib/jackson-core.jar
7f3718a31000-7f3718a34000 r--s 00009000 08:02 9832025                    /usr/pikola/app/api/lib/jackson-annotations.jar
7f3718a34000-7f3718a3a000 r--s 00077000 08:02 9832041                    /usr/pikola/app/api/lib/threetenbp.jar
7f3718a3a000-7f3718a44000 r--s 000c0000 08:02 9832040                    /usr/pikola/app/api/lib/postgresql.jar
7f3718a44000-7f3718a45000 r--s 00005000 08:02 9832039                    /usr/pikola/app/api/lib/opencensus-contrib-http-util.jar
7f3718a45000-7f3718a4f000 r--s 0004c000 08:02 9832038                    /usr/pikola/app/api/lib/opencensus-api.jar
7f3718a4f000-7f3718a5f000 r--s 00085000 08:02 9832037                    /usr/pikola/app/api/lib/mchange-commons.jar
7f3718a5f000-7f3718a74000 r--s 0014b000 08:02 9832036                    /usr/pikola/app/api/lib/lombok.jar
7f3718a74000-7f3718a7b000 r--s 00053000 08:02 9832035                    /usr/pikola/app/api/lib/log4j.jar
7f3718a7b000-7f3718a91000 r-xp 00000000 08:02 8389275                    /usr/lib64/libresolv-2.17.so
7f3718a91000-7f3718c91000 ---p 00016000 08:02 8389275                    /usr/lib64/libresolv-2.17.so
7f3718c91000-7f3718c92000 r--p 00016000 08:02 8389275                    /usr/lib64/libresolv-2.17.so
7f3718c92000-7f3718c93000 rw-p 00017000 08:02 8389275                    /usr/lib64/libresolv-2.17.so
7f3718c93000-7f3718c95000 rw-p 00000000 00:00 0 
7f3718c95000-7f3718c9b000 r-xp 00000000 08:02 8389263                    /usr/lib64/libnss_dns-2.17.so
7f3718c9b000-7f3718e9a000 ---p 00006000 08:02 8389263                    /usr/lib64/libnss_dns-2.17.so
7f3718e9a000-7f3718e9b000 r--p 00005000 08:02 8389263                    /usr/lib64/libnss_dns-2.17.so
7f3718e9b000-7f3718e9c000 rw-p 00006000 08:02 8389263                    /usr/lib64/libnss_dns-2.17.so
7f3718e9c000-7f3718ea2000 r--s 0003f000 08:02 9832034                    /usr/pikola/app/api/lib/jsoup.jar
7f3718ea2000-7f3718eb8000 r-xp 00000000 08:02 25953875                   /opt/jdk1.8.0_212/jre/lib/amd64/libnet.so
7f3718eb8000-7f37190b7000 ---p 00016000 08:02 25953875                   /opt/jdk1.8.0_212/jre/lib/amd64/libnet.so
7f37190b7000-7f37190b8000 r--p 00015000 08:02 25953875                   /opt/jdk1.8.0_212/jre/lib/amd64/libnet.so
7f37190b8000-7f37190b9000 rw-p 00016000 08:02 25953875                   /opt/jdk1.8.0_212/jre/lib/amd64/libnet.so
7f37190b9000-7f37190c2000 r-xp 00000000 08:02 25953859                   /opt/jdk1.8.0_212/jre/lib/amd64/libmanagement.so
7f37190c2000-7f37192c1000 ---p 00009000 08:02 25953859                   /opt/jdk1.8.0_212/jre/lib/amd64/libmanagement.so
7f37192c1000-7f37192c2000 r--p 00008000 08:02 25953859                   /opt/jdk1.8.0_212/jre/lib/amd64/libmanagement.so
7f37192c2000-7f37192c3000 rw-p 00009000 08:02 25953859                   /opt/jdk1.8.0_212/jre/lib/amd64/libmanagement.so
7f37192c3000-7f37192c4000 r--s 0000b000 08:02 9832033                    /usr/pikola/app/api/lib/json.jar
7f37192c4000-7f37192c8000 r--s 00041000 08:02 9832032                    /usr/pikola/app/api/lib/jsch.jar
7f37192c8000-7f37192d8000 r--s 0008d000 08:02 9832031                    /usr/pikola/app/api/lib/joda-time.jar
7f37192d8000-7f37192da000 r--s 00005000 08:02 9832030                    /usr/pikola/app/api/lib/jmespath-java.jar
7f37192da000-7f37192e2000 r--s 00099000 08:02 9832029                    /usr/pikola/app/api/lib/javax.mail.jar
7f37192e2000-7f37192e3000 r--s 0000b000 08:02 9832028                    /usr/pikola/app/api/lib/jackson-dataformat-cbor.jar
7f37192e3000-7f37192f5000 r--s 00299000 08:02 9832024                    /usr/pikola/app/api/lib/ip-address.jar
7f37192f5000-7f37192fc000 r--s 00049000 08:02 9832023                    /usr/pikola/app/api/lib/httpcore.jar
7f37192fc000-7f371930a000 r--s 000ae000 08:02 9832022                    /usr/pikola/app/api/lib/httpclient.jar
7f371930a000-7f371930c000 r--s 00011000 08:02 9832021                    /usr/pikola/app/api/lib/htmlunit-driver.jar
7f371930c000-7f371933e000 r--s 0026b000 08:02 9832020                    /usr/pikola/app/api/lib/guava.jar
7f371933e000-7f3719343000 r--s 00034000 08:02 9832019                    /usr/pikola/app/api/lib/gson.jar
7f3719343000-7f3719345000 r--s 00006000 08:02 9832018                    /usr/pikola/app/api/lib/grpc-context.jar
7f3719345000-7f371934b000 r--s 0003f000 08:02 9832017                    /usr/pikola/app/api/lib/google-http-client.jar
7f371934b000-7f371934d000 r--s 00001000 08:02 9832016                    /usr/pikola/app/api/lib/google-http-client-jackson2.jar
7f371934d000-7f371934f000 r--s 00003000 08:02 9832015                    /usr/pikola/app/api/lib/google-http-client-appengine.jar
7f371934f000-7f3719356000 r--s 00046000 08:02 9832014                    /usr/pikola/app/api/lib/google-cloud-storage.jar
7f3719356000-7f3719359000 r--s 0001b000 08:02 9832013                    /usr/pikola/app/api/lib/google-cloud-core.jar
7f3719359000-7f371935a000 r--s 00003000 08:02 9832012                    /usr/pikola/app/api/lib/google-cloud-core-http.jar
7f371935a000-7f371935d000 r--s 00017000 08:02 9832011                    /usr/pikola/app/api/lib/google-auth-library-oauth2.jar
7f371935d000-7f371935e000 r--s 00001000 08:02 9832010                    /usr/pikola/app/api/lib/google-auth-library-credentials.jar
7f371935e000-7f3719362000 r--s 0002a000 08:02 9832009                    /usr/pikola/app/api/lib/google-api-services-storage.jar
7f3719362000-7f3719367000 r--s 0002e000 08:02 9832008                    /usr/pikola/app/api/lib/google-api-client.jar
7f3719367000-7f371936f000 r--s 00047000 08:02 9832007                    /usr/pikola/app/api/lib/gax.jar
7f371936f000-7f3719372000 r--s 0000f000 08:02 9832006                    /usr/pikola/app/api/lib/gax-httpjson.jar
7f3719372000-7f3719376000 r--s 00041000 08:02 9832005                    /usr/pikola/app/api/lib/dns.jar
7f3719376000-7f3719378000 r--s 0000e000 08:02 9832004                    /usr/pikola/app/api/lib/commons-logging.jar
7f3719378000-7f371937c000 r--s 0002f000 08:02 9832003                    /usr/pikola/app/api/lib/commons-lang.jar
7f371937c000-7f3719383000 r--s 0004e000 08:02 9832000                    /usr/pikola/app/api/lib/commons-codec.jar
7f3719383000-7f37193d9000 r--s 00478000 08:02 9831995                    /usr/pikola/app/api/lib/aws-java-sdk-ec2.jar
7f37193d9000-7f37193da000 ---p 00000000 00:00 0 
7f37193da000-7f37194da000 rw-p 00000000 00:00 0 
7f37194da000-7f37194dd000 ---p 00000000 00:00 0 
7f37194dd000-7f37195db000 rw-p 00000000 00:00 0 
7f37195db000-7f37195df000 ---p 00000000 00:00 0 
7f37195df000-7f37196dc000 rw-p 00000000 00:00 0 
7f37196dc000-7f37196e0000 ---p 00000000 00:00 0 
7f37196e0000-7f37197dd000 rw-p 00000000 00:00 0 
7f37197dd000-7f37197e1000 ---p 00000000 00:00 0 
7f37197e1000-7f37198de000 rw-p 00000000 00:00 0 
7f37198de000-7f37198e2000 ---p 00000000 00:00 0 
7f37198e2000-7f37199df000 rw-p 00000000 00:00 0 
7f37199df000-7f37199e2000 ---p 00000000 00:00 0 
7f37199e2000-7f3719ae0000 rw-p 00000000 00:00 0 
7f3719ae0000-7f3719ae3000 ---p 00000000 00:00 0 
7f3719ae3000-7f3719be1000 rw-p 00000000 00:00 0 
7f3719be1000-7f3719be4000 ---p 00000000 00:00 0 
7f3719be4000-7f3719ce2000 rw-p 00000000 00:00 0 
7f3719ce2000-7f3719ce3000 ---p 00000000 00:00 0 
7f3719ce3000-7f371b8fe000 rw-p 00000000 00:00 0 
7f371b8fe000-7f371bad8000 r--s 03d6d000 08:02 25953921                   /opt/jdk1.8.0_212/jre/lib/rt.jar
7f371bad8000-7f372bc54000 rw-p 00000000 00:00 0 
7f372bc54000-7f372bc55000 ---p 00000000 00:00 0 
7f372bc55000-7f372bd55000 rw-p 00000000 00:00 0 
7f372bd55000-7f372bd56000 ---p 00000000 00:00 0 
7f372bd56000-7f372be56000 rw-p 00000000 00:00 0 
7f372be56000-7f372be57000 ---p 00000000 00:00 0 
7f372be57000-7f372bf57000 rw-p 00000000 00:00 0 
7f372bf57000-7f372bf58000 ---p 00000000 00:00 0 
7f372bf58000-7f372c058000 rw-p 00000000 00:00 0 
7f372c058000-7f372c059000 ---p 00000000 00:00 0 
7f372c059000-7f372c1c8000 rw-p 00000000 00:00 0 
7f372c1c8000-7f372cb1d000 ---p 00000000 00:00 0 
7f372cb1d000-7f372ccb8000 rw-p 00000000 00:00 0 
7f372ccb8000-7f372cfff000 ---p 00000000 00:00 0 
7f372cfff000-7f372d000000 rw-p 00000000 00:00 0 
7f372d000000-7f372d950000 rwxp 00000000 00:00 0 
7f372d950000-7f373c000000 ---p 00000000 00:00 0 
7f373c000000-7f373ccda000 rw-p 00000000 00:00 0 
7f373ccda000-7f3740000000 ---p 00000000 00:00 0 
7f3740000000-7f3740004000 r--s 0002a000 08:02 9832002                    /usr/pikola/app/api/lib/commons-io.jar
7f3740004000-7f374000b000 r--s 00073000 08:02 9831999                    /usr/pikola/app/api/lib/c3p0.jar
7f374000b000-7f374001b000 r--s 000b7000 08:02 9831998                    /usr/pikola/app/api/lib/aws-java-sdk-lambda.jar
7f374001b000-7f374003a000 r--s 00131000 08:02 9831997                    /usr/pikola/app/api/lib/aws-java-sdk-iam.jar
7f374003a000-7f3740044000 r--s 00069000 08:02 9831996                    /usr/pikola/app/api/lib/aws-java-sdk-events.jar
7f3740044000-7f374005b000 r--s 000d5000 08:02 9831994                    /usr/pikola/app/api/lib/aws-java-sdk-core.jar
7f374005b000-7f3740064000 r--s 00057000 08:02 9831993                    /usr/pikola/app/api/lib/aws-java-sdk-cloudwatch.jar
7f3740064000-7f37400bf000 rw-p 00000000 00:00 0 
7f37400bf000-7f37400c0000 ---p 00000000 00:00 0 
7f37400c0000-7f37401c0000 rw-p 00000000 00:00 0 
7f37401c0000-7f37401c1000 ---p 00000000 00:00 0 
7f37401c1000-7f37402c1000 rw-p 00000000 00:00 0 
7f37402c1000-7f37402c2000 ---p 00000000 00:00 0 
7f37402c2000-7f3740431000 rw-p 00000000 00:00 0 
7f3740431000-7f3740d86000 ---p 00000000 00:00 0 
7f3740d86000-7f3740dac000 rw-p 00000000 00:00 0 
7f3740dac000-7f3741146000 ---p 00000000 00:00 0 
7f3741146000-7f3741161000 r-xp 00000000 08:02 25953869                   /opt/jdk1.8.0_212/jre/lib/amd64/libzip.so
7f3741161000-7f3741360000 ---p 0001b000 08:02 25953869                   /opt/jdk1.8.0_212/jre/lib/amd64/libzip.so
7f3741360000-7f3741361000 r--p 0001a000 08:02 25953869                   /opt/jdk1.8.0_212/jre/lib/amd64/libzip.so
7f3741361000-7f3741362000 rw-p 0001b000 08:02 25953869                   /opt/jdk1.8.0_212/jre/lib/amd64/libzip.so
7f3741362000-7f374136e000 r-xp 00000000 08:02 8389265                    /usr/lib64/libnss_files-2.17.so
7f374136e000-7f374156d000 ---p 0000c000 08:02 8389265                    /usr/lib64/libnss_files-2.17.so
7f374156d000-7f374156e000 r--p 0000b000 08:02 8389265                    /usr/lib64/libnss_files-2.17.so
7f374156e000-7f374156f000 rw-p 0000c000 08:02 8389265                    /usr/lib64/libnss_files-2.17.so
7f374156f000-7f3741575000 rw-p 00000000 00:00 0 
7f3741575000-7f37415a1000 r-xp 00000000 08:02 25953844                   /opt/jdk1.8.0_212/jre/lib/amd64/libjava.so
7f37415a1000-7f37417a1000 ---p 0002c000 08:02 25953844                   /opt/jdk1.8.0_212/jre/lib/amd64/libjava.so
7f37417a1000-7f37417a2000 r--p 0002c000 08:02 25953844                   /opt/jdk1.8.0_212/jre/lib/amd64/libjava.so
7f37417a2000-7f37417a4000 rw-p 0002d000 08:02 25953844                   /opt/jdk1.8.0_212/jre/lib/amd64/libjava.so
7f37417a4000-7f37417b1000 r-xp 00000000 08:02 25953863                   /opt/jdk1.8.0_212/jre/lib/amd64/libverify.so
7f37417b1000-7f37419b0000 ---p 0000d000 08:02 25953863                   /opt/jdk1.8.0_212/jre/lib/amd64/libverify.so
7f37419b0000-7f37419b2000 r--p 0000c000 08:02 25953863                   /opt/jdk1.8.0_212/jre/lib/amd64/libverify.so
7f37419b2000-7f37419b3000 rw-p 0000e000 08:02 25953863                   /opt/jdk1.8.0_212/jre/lib/amd64/libverify.so
7f37419b3000-7f37419ba000 r-xp 00000000 08:02 8389277                    /usr/lib64/librt-2.17.so
7f37419ba000-7f3741bb9000 ---p 00007000 08:02 8389277                    /usr/lib64/librt-2.17.so
7f3741bb9000-7f3741bba000 r--p 00006000 08:02 8389277                    /usr/lib64/librt-2.17.so
7f3741bba000-7f3741bbb000 rw-p 00007000 08:02 8389277                    /usr/lib64/librt-2.17.so
7f3741bbb000-7f3741cbc000 r-xp 00000000 08:02 8389255                    /usr/lib64/libm-2.17.so
7f3741cbc000-7f3741ebb000 ---p 00101000 08:02 8389255                    /usr/lib64/libm-2.17.so
7f3741ebb000-7f3741ebc000 r--p 00100000 08:02 8389255                    /usr/lib64/libm-2.17.so
7f3741ebc000-7f3741ebd000 rw-p 00101000 08:02 8389255                    /usr/lib64/libm-2.17.so
7f3741ebd000-7f3742ba5000 r-xp 00000000 08:02 25953886                   /opt/jdk1.8.0_212/jre/lib/amd64/server/libjvm.so
7f3742ba5000-7f3742da4000 ---p 00ce8000 08:02 25953886                   /opt/jdk1.8.0_212/jre/lib/amd64/server/libjvm.so
7f3742da4000-7f3742e3a000 r--p 00ce7000 08:02 25953886                   /opt/jdk1.8.0_212/jre/lib/amd64/server/libjvm.so
7f3742e3a000-7f3742e6b000 rw-p 00d7d000 08:02 25953886                   /opt/jdk1.8.0_212/jre/lib/amd64/server/libjvm.so
7f3742e6b000-7f3742ea6000 rw-p 00000000 00:00 0 
7f3742ea6000-7f374306a000 r-xp 00000000 08:02 8389247                    /usr/lib64/libc-2.17.so
7f374306a000-7f3743269000 ---p 001c4000 08:02 8389247                    /usr/lib64/libc-2.17.so
7f3743269000-7f374326d000 r--p 001c3000 08:02 8389247                    /usr/lib64/libc-2.17.so
7f374326d000-7f374326f000 rw-p 001c7000 08:02 8389247                    /usr/lib64/libc-2.17.so
7f374326f000-7f3743274000 rw-p 00000000 00:00 0 
7f3743274000-7f3743276000 r-xp 00000000 08:02 8389253                    /usr/lib64/libdl-2.17.so
7f3743276000-7f3743476000 ---p 00002000 08:02 8389253                    /usr/lib64/libdl-2.17.so
7f3743476000-7f3743477000 r--p 00002000 08:02 8389253                    /usr/lib64/libdl-2.17.so
7f3743477000-7f3743478000 rw-p 00003000 08:02 8389253                    /usr/lib64/libdl-2.17.so
7f3743478000-7f374348f000 r-xp 00000000 08:02 25952967                   /opt/jdk1.8.0_212/lib/amd64/jli/libjli.so
7f374348f000-7f374368e000 ---p 00017000 08:02 25952967                   /opt/jdk1.8.0_212/lib/amd64/jli/libjli.so
7f374368e000-7f374368f000 r--p 00016000 08:02 25952967                   /opt/jdk1.8.0_212/lib/amd64/jli/libjli.so
7f374368f000-7f3743690000 rw-p 00017000 08:02 25952967                   /opt/jdk1.8.0_212/lib/amd64/jli/libjli.so
7f3743690000-7f37436a7000 r-xp 00000000 08:02 8389273                    /usr/lib64/libpthread-2.17.so
7f37436a7000-7f37438a6000 ---p 00017000 08:02 8389273                    /usr/lib64/libpthread-2.17.so
7f37438a6000-7f37438a7000 r--p 00016000 08:02 8389273                    /usr/lib64/libpthread-2.17.so
7f37438a7000-7f37438a8000 rw-p 00017000 08:02 8389273                    /usr/lib64/libpthread-2.17.so
7f37438a8000-7f37438ac000 rw-p 00000000 00:00 0 
7f37438ac000-7f37438ce000 r-xp 00000000 08:02 8389240                    /usr/lib64/ld-2.17.so
7f37438ce000-7f37438d1000 r--s 00009000 08:02 9831992                    /usr/pikola/app/api/lib/api-common.jar
7f37438d1000-7f37438d7000 r--s 00099000 08:02 9699424                    /usr/pikola/app/api/iresponse_services.jar
7f37438d7000-7f37439b9000 rw-p 00000000 00:00 0 
7f37439b9000-7f37439c1000 rw-s 00000000 08:02 21495845                   /tmp/hsperfdata_root/4436
7f37439c1000-7f37439c5000 ---p 00000000 00:00 0 
7f37439c5000-7f3743ac6000 rw-p 00000000 00:00 0 
7f3743ac6000-7f3743ac8000 r--s 0000c000 08:02 9832001                    /usr/pikola/app/api/lib/commons-exec.jar
7f3743ac8000-7f3743aca000 r--s 0000e000 08:02 9831991                    /usr/pikola/app/api/lib/activation.jar
7f3743aca000-7f3743acb000 rw-p 00000000 00:00 0 
7f3743acb000-7f3743acc000 ---p 00000000 00:00 0 
7f3743acc000-7f3743acd000 rw-p 00000000 00:00 0 
7f3743acd000-7f3743ace000 r--p 00021000 08:02 8389240                    /usr/lib64/ld-2.17.so
7f3743ace000-7f3743acf000 rw-p 00022000 08:02 8389240                    /usr/lib64/ld-2.17.so
7f3743acf000-7f3743ad0000 rw-p 00000000 00:00 0 
7ffdb0d33000-7ffdb0d54000 rw-p 00000000 00:00 0                          [stack]
7ffdb0de3000-7ffdb0de5000 r-xp 00000000 00:00 0                          [vdso]
ffffffffff600000-ffffffffff601000 r-xp 00000000 00:00 0                  [vsyscall]

VM Arguments:
jvm_args: -Dfile.encoding=UTF8 
java_command: /usr/pikola/app/api/iresponse_services.jar eyJ1c2VyLWlkIjoxLCJlbmRwb2ludCI6Ik10YVByb2Nlc3NlcyIsImFjdGlvbiI6InByb2NlZWREcm9wIiwicGFyYW1ldGVycyI6eyJwcm9jZXNzLWlkIjoyNzB9fQ==
java_class_path (initial): /usr/pikola/app/api/iresponse_services.jar
Launcher Type: SUN_STANDARD

Environment Variables:
PATH=/sbin:/bin:/usr/sbin:/usr/bin
USERNAME=root
SHELL=/bin/bash

Signal Handlers:
SIGSEGV: [libjvm.so+0xad3d90], sa_mask[0]=11111111011111111101111111111110, sa_flags=SA_RESTART|SA_SIGINFO
SIGBUS: [libjvm.so+0xad3d90], sa_mask[0]=11111111011111111101111111111110, sa_flags=SA_RESTART|SA_SIGINFO
SIGFPE: [libjvm.so+0x90b8b0], sa_mask[0]=11111111011111111101111111111110, sa_flags=SA_RESTART|SA_SIGINFO
SIGPIPE: [libjvm.so+0x90b8b0], sa_mask[0]=11111111011111111101111111111110, sa_flags=SA_RESTART|SA_SIGINFO
SIGXFSZ: [libjvm.so+0x90b8b0], sa_mask[0]=11111111011111111101111111111110, sa_flags=SA_RESTART|SA_SIGINFO
SIGILL: [libjvm.so+0x90b8b0], sa_mask[0]=11111111011111111101111111111110, sa_flags=SA_RESTART|SA_SIGINFO
SIGUSR1: SIG_DFL, sa_mask[0]=00000000000000000000000000000000, sa_flags=none
SIGUSR2: [libjvm.so+0x90b780], sa_mask[0]=00000000000000000000000000000000, sa_flags=SA_RESTART|SA_SIGINFO
SIGHUP: SIG_IGN, sa_mask[0]=00000000000000000000000000000000, sa_flags=none
SIGINT: SIG_IGN, sa_mask[0]=00000000000000000000000000000000, sa_flags=none
SIGTERM: [libjvm.so+0x90bda0], sa_mask[0]=11111111011111111101111111111110, sa_flags=SA_RESTART|SA_SIGINFO
SIGQUIT: [libjvm.so+0x90bda0], sa_mask[0]=11111111011111111101111111111110, sa_flags=SA_RESTART|SA_SIGINFO


---------------  S Y S T E M  ---------------

OS:CentOS Linux release 7.9.2009 (Core)

uname:Linux 3.10.0-1160.el7.x86_64 #1 SMP Mon Oct 19 16:18:59 UTC 2020 x86_64
libc:glibc 2.17 NPTL 2.17 
rlimit: STACK 8192k, CORE 0k, NPROC 119899, NOFILE 4096, AS infinity
load average:146.26 65.08 25.80

/proc/meminfo:
MemTotal:       30715228 kB
MemFree:          192336 kB
MemAvailable:      26068 kB
Buffers:            1948 kB
Cached:           379292 kB
SwapCached:            0 kB
Active:         29117944 kB
Inactive:         181092 kB
Active(anon):   29068552 kB
Inactive(anon):   133048 kB
Active(file):      49392 kB
Inactive(file):    48044 kB
Unevictable:           0 kB
Mlocked:               0 kB
SwapTotal:             0 kB
SwapFree:              0 kB
Dirty:               864 kB
Writeback:             0 kB
AnonPages:      28647180 kB
Mapped:           326064 kB
Shmem:            282700 kB
Slab:              96676 kB
SReclaimable:      21652 kB
SUnreclaim:        75024 kB
KernelStack:       28256 kB
PageTables:       208436 kB
NFS_Unstable:          0 kB
Bounce:                0 kB
WritebackTmp:          0 kB
CommitLimit:    15357612 kB
Committed_AS:   41414556 kB
VmallocTotal:   34359738367 kB
VmallocUsed:       56900 kB
VmallocChunk:   34359678896 kB
Percpu:             1504 kB
HardwareCorrupted:     0 kB
AnonHugePages:  25569280 kB
CmaTotal:              0 kB
CmaFree:               0 kB
HugePages_Total:       0
HugePages_Free:        0
HugePages_Rsvd:        0
HugePages_Surp:        0
Hugepagesize:       2048 kB
DirectMap4k:      169836 kB
DirectMap2M:     4024320 kB
DirectMap1G:    29360128 kB

container (cgroup) information:
container_type: cgroupv1
cpu_cpuset_cpus: 0-7
cpu_memory_nodes: 0
active_processor_count: 8
cpu_quota: -1
cpu_period: 100000
cpu_shares: -1
memory_limit_in_bytes: -1
memory_and_swap_limit_in_bytes: -1
memory_soft_limit_in_bytes: -1
memory_usage_in_bytes: 30002171904
memory_max_usage_in_bytes: 0


CPU:total 8 (initial active 8) (8 cores per cpu, 1 threads per core) family 6 model 79 stepping 1, cmov, cx8, fxsr, mmx, sse, sse2, sse3, ssse3, sse4.1, sse4.2, popcnt, avx, avx2, aes, clmul, erms, rtm, 3dnowpref, lzcnt, tsc, bmi1, bmi2, adx

/proc/cpuinfo:
processor	: 0
vendor_id	: GenuineIntel
cpu family	: 6
model		: 79
model name	: Intel(R) Xeon(R) CPU E5-2630 v4 @ 2.20GHz
stepping	: 1
microcode	: 0x1
cpu MHz		: 2199.996
cache size	: 16384 KB
physical id	: 0
siblings	: 8
core id		: 0
cpu cores	: 8
apicid		: 0
initial apicid	: 0
fpu		: yes
fpu_exception	: yes
cpuid level	: 20
wp		: yes
flags		: fpu vme de pse tsc msr pae mce cx8 apic sep mtrr pge mca cmov pat pse36 clflush mmx fxsr sse sse2 ss ht syscall nx pdpe1gb rdtscp lm constant_tsc arch_perfmon rep_good nopl xtopology eagerfpu pni pclmulqdq ssse3 fma cx16 pcid sse4_1 sse4_2 x2apic movbe popcnt tsc_deadline_timer aes xsave avx f16c rdrand hypervisor lahf_lm abm 3dnowprefetch invpcid_single ssbd ibrs ibpb stibp fsgsbase tsc_adjust bmi1 hle avx2 smep bmi2 erms invpcid rtm rdseed adx smap xsaveopt arat umip md_clear spec_ctrl intel_stibp arch_capabilities
bogomips	: 4399.99
clflush size	: 64
cache_alignment	: 64
address sizes	: 40 bits physical, 48 bits virtual
power management:

processor	: 1
vendor_id	: GenuineIntel
cpu family	: 6
model		: 79
model name	: Intel(R) Xeon(R) CPU E5-2630 v4 @ 2.20GHz
stepping	: 1
microcode	: 0x1
cpu MHz		: 2199.996
cache size	: 16384 KB
physical id	: 0
siblings	: 8
core id		: 1
cpu cores	: 8
apicid		: 1
initial apicid	: 1
fpu		: yes
fpu_exception	: yes
cpuid level	: 20
wp		: yes
flags		: fpu vme de pse tsc msr pae mce cx8 apic sep mtrr pge mca cmov pat pse36 clflush mmx fxsr sse sse2 ss ht syscall nx pdpe1gb rdtscp lm constant_tsc arch_perfmon rep_good nopl xtopology eagerfpu pni pclmulqdq ssse3 fma cx16 pcid sse4_1 sse4_2 x2apic movbe popcnt tsc_deadline_timer aes xsave avx f16c rdrand hypervisor lahf_lm abm 3dnowprefetch invpcid_single ssbd ibrs ibpb stibp fsgsbase tsc_adjust bmi1 hle avx2 smep bmi2 erms invpcid rtm rdseed adx smap xsaveopt arat umip md_clear spec_ctrl intel_stibp arch_capabilities
bogomips	: 4399.99
clflush size	: 64
cache_alignment	: 64
address sizes	: 40 bits physical, 48 bits virtual
power management:

processor	: 2
vendor_id	: GenuineIntel
cpu family	: 6
model		: 79
model name	: Intel(R) Xeon(R) CPU E5-2630 v4 @ 2.20GHz
stepping	: 1
microcode	: 0x1
cpu MHz		: 2199.996
cache size	: 16384 KB
physical id	: 0
siblings	: 8
core id		: 2
cpu cores	: 8
apicid		: 2
initial apicid	: 2
fpu		: yes
fpu_exception	: yes
cpuid level	: 20
wp		: yes
flags		: fpu vme de pse tsc msr pae mce cx8 apic sep mtrr pge mca cmov pat pse36 clflush mmx fxsr sse sse2 ss ht syscall nx pdpe1gb rdtscp lm constant_tsc arch_perfmon rep_good nopl xtopology eagerfpu pni pclmulqdq ssse3 fma cx16 pcid sse4_1 sse4_2 x2apic movbe popcnt tsc_deadline_timer aes xsave avx f16c rdrand hypervisor lahf_lm abm 3dnowprefetch invpcid_single ssbd ibrs ibpb stibp fsgsbase tsc_adjust bmi1 hle avx2 smep bmi2 erms invpcid rtm rdseed adx smap xsaveopt arat umip md_clear spec_ctrl intel_stibp arch_capabilities
bogomips	: 4399.99
clflush size	: 64
cache_alignment	: 64
address sizes	: 40 bits physical, 48 bits virtual
power management:

processor	: 3
vendor_id	: GenuineIntel
cpu family	: 6
model		: 79
model name	: Intel(R) Xeon(R) CPU E5-2630 v4 @ 2.20GHz
stepping	: 1
microcode	: 0x1
cpu MHz		: 2199.996
cache size	: 16384 KB
physical id	: 0
siblings	: 8
core id		: 3
cpu cores	: 8
apicid		: 3
initial apicid	: 3
fpu		: yes
fpu_exception	: yes
cpuid level	: 20
wp		: yes
flags		: fpu vme de pse tsc msr pae mce cx8 apic sep mtrr pge mca cmov pat pse36 clflush mmx fxsr sse sse2 ss ht syscall nx pdpe1gb rdtscp lm constant_tsc arch_perfmon rep_good nopl xtopology eagerfpu pni pclmulqdq ssse3 fma cx16 pcid sse4_1 sse4_2 x2apic movbe popcnt tsc_deadline_timer aes xsave avx f16c rdrand hypervisor lahf_lm abm 3dnowprefetch invpcid_single ssbd ibrs ibpb stibp fsgsbase tsc_adjust bmi1 hle avx2 smep bmi2 erms invpcid rtm rdseed adx smap xsaveopt arat umip md_clear spec_ctrl intel_stibp arch_capabilities
bogomips	: 4399.99
clflush size	: 64
cache_alignment	: 64
address sizes	: 40 bits physical, 48 bits virtual
power management:

processor	: 4
vendor_id	: GenuineIntel
cpu family	: 6
model		: 79
model name	: Intel(R) Xeon(R) CPU E5-2630 v4 @ 2.20GHz
stepping	: 1
microcode	: 0x1
cpu MHz		: 2199.996
cache size	: 16384 KB
physical id	: 0
siblings	: 8
core id		: 4
cpu cores	: 8
apicid		: 4
initial apicid	: 4
fpu		: yes
fpu_exception	: yes
cpuid level	: 20
wp		: yes
flags		: fpu vme de pse tsc msr pae mce cx8 apic sep mtrr pge mca cmov pat pse36 clflush mmx fxsr sse sse2 ss ht syscall nx pdpe1gb rdtscp lm constant_tsc arch_perfmon rep_good nopl xtopology eagerfpu pni pclmulqdq ssse3 fma cx16 pcid sse4_1 sse4_2 x2apic movbe popcnt tsc_deadline_timer aes xsave avx f16c rdrand hypervisor lahf_lm abm 3dnowprefetch invpcid_single ssbd ibrs ibpb stibp fsgsbase tsc_adjust bmi1 hle avx2 smep bmi2 erms invpcid rtm rdseed adx smap xsaveopt arat umip md_clear spec_ctrl intel_stibp arch_capabilities
bogomips	: 4399.99
clflush size	: 64
cache_alignment	: 64
address sizes	: 40 bits physical, 48 bits virtual
power management:

processor	: 5
vendor_id	: GenuineIntel
cpu family	: 6
model		: 79
model name	: Intel(R) Xeon(R) CPU E5-2630 v4 @ 2.20GHz
stepping	: 1
microcode	: 0x1
cpu MHz		: 2199.996
cache size	: 16384 KB
physical id	: 0
siblings	: 8
core id		: 5
cpu cores	: 8
apicid		: 5
initial apicid	: 5
fpu		: yes
fpu_exception	: yes
cpuid level	: 20
wp		: yes
flags		: fpu vme de pse tsc msr pae mce cx8 apic sep mtrr pge mca cmov pat pse36 clflush mmx fxsr sse sse2 ss ht syscall nx pdpe1gb rdtscp lm constant_tsc arch_perfmon rep_good nopl xtopology eagerfpu pni pclmulqdq ssse3 fma cx16 pcid sse4_1 sse4_2 x2apic movbe popcnt tsc_deadline_timer aes xsave avx f16c rdrand hypervisor lahf_lm abm 3dnowprefetch invpcid_single ssbd ibrs ibpb stibp fsgsbase tsc_adjust bmi1 hle avx2 smep bmi2 erms invpcid rtm rdseed adx smap xsaveopt arat umip md_clear spec_ctrl intel_stibp arch_capabilities
bogomips	: 4399.99
clflush size	: 64
cache_alignment	: 64
address sizes	: 40 bits physical, 48 bits virtual
power management:

processor	: 6
vendor_id	: GenuineIntel
cpu family	: 6
model		: 79
model name	: Intel(R) Xeon(R) CPU E5-2630 v4 @ 2.20GHz
stepping	: 1
microcode	: 0x1
cpu MHz		: 2199.996
cache size	: 16384 KB
physical id	: 0
siblings	: 8
core id		: 6
cpu cores	: 8
apicid		: 6
initial apicid	: 6
fpu		: yes
fpu_exception	: yes
cpuid level	: 20
wp		: yes
flags		: fpu vme de pse tsc msr pae mce cx8 apic sep mtrr pge mca cmov pat pse36 clflush mmx fxsr sse sse2 ss ht syscall nx pdpe1gb rdtscp lm constant_tsc arch_perfmon rep_good nopl xtopology eagerfpu pni pclmulqdq ssse3 fma cx16 pcid sse4_1 sse4_2 x2apic movbe popcnt tsc_deadline_timer aes xsave avx f16c rdrand hypervisor lahf_lm abm 3dnowprefetch invpcid_single ssbd ibrs ibpb stibp fsgsbase tsc_adjust bmi1 hle avx2 smep bmi2 erms invpcid rtm rdseed adx smap xsaveopt arat umip md_clear spec_ctrl intel_stibp arch_capabilities
bogomips	: 4399.99
clflush size	: 64
cache_alignment	: 64
address sizes	: 40 bits physical, 48 bits virtual
power management:

processor	: 7
vendor_id	: GenuineIntel
cpu family	: 6
model		: 79
model name	: Intel(R) Xeon(R) CPU E5-2630 v4 @ 2.20GHz
stepping	: 1
microcode	: 0x1
cpu MHz		: 2199.996
cache size	: 16384 KB
physical id	: 0
siblings	: 8
core id		: 7
cpu cores	: 8
apicid		: 7
initial apicid	: 7
fpu		: yes
fpu_exception	: yes
cpuid level	: 20
wp		: yes
flags		: fpu vme de pse tsc msr pae mce cx8 apic sep mtrr pge mca cmov pat pse36 clflush mmx fxsr sse sse2 ss ht syscall nx pdpe1gb rdtscp lm constant_tsc arch_perfmon rep_good nopl xtopology eagerfpu pni pclmulqdq ssse3 fma cx16 pcid sse4_1 sse4_2 x2apic movbe popcnt tsc_deadline_timer aes xsave avx f16c rdrand hypervisor lahf_lm abm 3dnowprefetch invpcid_single ssbd ibrs ibpb stibp fsgsbase tsc_adjust bmi1 hle avx2 smep bmi2 erms invpcid rtm rdseed adx smap xsaveopt arat umip md_clear spec_ctrl intel_stibp arch_capabilities
bogomips	: 4399.99
clflush size	: 64
cache_alignment	: 64
address sizes	: 40 bits physical, 48 bits virtual
power management:



Memory: 4k page, physical 30715228k(192184k free), swap 0k(0k free)

vm_info: Java HotSpot(TM) 64-Bit Server VM (25.212-b10) for linux-amd64 JRE (1.8.0_212-b10), built on Apr  1 2019 21:31:50 by "java_re" with gcc 7.3.0

time: Thu Dec 31 19:54:25 2020
timezone: CET
elapsed time: 154 seconds (0d 0h 2m 34s)

